<?xml version="1.0" encoding="UTF-8" ?>
<testsuite tests="15" failures="0" name="es.uma.informatica.sii.ejb.practica.SuiteTest" time="3.312" errors="5" skipped="0">
  <properties>
    <property name="idea.version" value="2021.1.3"/>
    <property name="java.runtime.name" value="Java(TM) SE Runtime Environment"/>
    <property name="sun.boot.library.path" value="C:\Program Files\Java\jdk1.8.0_291\jre\bin"/>
    <property name="java.vm.version" value="25.291-b10"/>
    <property name="java.vm.vendor" value="Oracle Corporation"/>
    <property name="maven.multiModuleProjectDirectory" value="C:\Users\alumno\Downloads\trazabilidad-ejb"/>
    <property name="java.vendor.url" value="http://java.oracle.com/"/>
    <property name="path.separator" value=";"/>
    <property name="guice.disable.misplaced.annotation.check" value="true"/>
    <property name="java.vm.name" value="Java HotSpot(TM) 64-Bit Server VM"/>
    <property name="file.encoding.pkg" value="sun.io"/>
    <property name="user.script" value=""/>
    <property name="user.country" value="ES"/>
    <property name="sun.java.launcher" value="SUN_STANDARD"/>
    <property name="sun.os.patch.level" value=""/>
    <property name="java.vm.specification.name" value="Java Virtual Machine Specification"/>
    <property name="user.dir" value="C:\Users\alumno\Downloads\trazabilidad-ejb"/>
    <property name="java.runtime.version" value="1.8.0_291-b10"/>
    <property name="java.awt.graphicsenv" value="sun.awt.Win32GraphicsEnvironment"/>
    <property name="java.endorsed.dirs" value="C:\Program Files\Java\jdk1.8.0_291\jre\lib\endorsed"/>
    <property name="os.arch" value="amd64"/>
    <property name="java.io.tmpdir" value="C:\Users\alumno\AppData\Local\Temp\"/>
    <property name="line.separator" value="
"/>
    <property name="java.vm.specification.vendor" value="Oracle Corporation"/>
    <property name="user.variant" value=""/>
    <property name="os.name" value="Windows 10"/>
    <property name="maven.ext.class.path" value="C:\Program Files\JetBrains\IntelliJ IDEA Community Edition 2021.1.3\plugins\maven\lib\maven-event-listener.jar"/>
    <property name="classworlds.conf" value="C:\Program Files\JetBrains\IntelliJ IDEA Community Edition 2021.1.3\plugins\maven\lib\maven3\bin\m2.conf"/>
    <property name="sun.jnu.encoding" value="Cp1252"/>
    <property name="java.library.path" value="C:\Program Files\Java\jdk1.8.0_291\bin;C:\WINDOWS\Sun\Java\bin;C:\WINDOWS\system32;C:\WINDOWS;C:\Program Files\Common Files\Oracle\Java\javapath;C:\Program Files (x86)\Common Files\Oracle\Java\javapath;C:\Program Files\Haskell\bin;C:\Program Files\Haskell Platform\8.6.5\lib\extralibs\bin;C:\Program Files\Haskell Platform\8.6.5\bin;C:\mingw64\bin;C:\Program Files (x86)\Python37-32\Scripts\;C:\Program Files (x86)\Python37-32\;C:\SPARK\2016\bin;C:\GNAT\2016\bin;C:\ProgramData\Oracle\Java\javapath;C:\WINDOWS\system32;C:\WINDOWS;C:\WINDOWS\System32\Wbem;C:\WINDOWS\System32\WindowsPowerShell\v1.0\;C:\Program Files\Java\jdk1.8.0_11\bin;C:\Program Files\Java\jdk1.8.0_11\lib;C:\Program Files (x86)\condor\bin\;C:\Program Files (x86)\sqldeveloper-3.2.20.09.87\sqldeveloper\jdk\lib;C:\Program Files (x86)\sqldeveloper-3.2.20.09.87\sqldeveloper\jdk\jre;C:\Program Files (x86)\sqldeveloper-3.2.20.09.87\sqldeveloper\jdk\jre\bin;C:\Program Files\Microsoft\Web Platform Installer\;C:\Program Files (x86)\Microsoft ASP.NET\ASP.NET Web Pages\v1.0\;C:\Program Files\Microsoft SQL Server\110\Tools\Binn\;C:\Program Files (x86)\Microsoft Research\Z3-4.1\;C:\Program Files (x86)\MetodosFormales\use-3.0.6\bin;C:\Program Files (x86)\MetodosFormales\pc_spin632;C:\wildfly-10.1.0.Final\bin;C:\apache-maven-3.6.1\bin;C:\apache-maven-3.6.1\lib;C:\apache-ant-1.9.5\bin;C:\OpenSSL-Win32\bin;C:\use-6.0.0\bin;C:\Program Files\nodejs\;C:\Program Files\PuTTY\;C:\Program Files\Microsoft Network Monitor 3\;C:\WINDOWS\System32\OpenSSH\;C:\condor\bin\;C:\Program Files\dotnet\;C:\Program Files\Microsoft VS Code\bin;C:\Program Files\Java\jdk-12.0.1\bin;C:\Program Files\Java\jdk-12.0.1\lib;C:\Program Files\Java\jdk1.8.0_211\lib;C:\Program Files\Java\jdk1.8.0_211\bin;C:\Program Files (x86)\Google\Cloud SDK\google-cloud-sdk\platform\bundledpython;C:\mysql-5.7.27-winx64\bin;C:\Program Files\MATLAB\MATLAB Runtime\v96\runtime\win64;C:\Program Files (x86)\Google\Cloud SDK\google-cloud-sdk\bin;C:\Program Files\Git\cmd;C:\Program Files\Haskell Platform\8.6.5\mingw\bin;C:\MinGW\bin;C:\Users\alumno\AppData\Local\Programs\Python\Python39\Scripts\;C:\Users\alumno\AppData\Local\Programs\Python\Python39\;C:\Users\alumno\AppData\Roaming\cabal\bin;C:\Users\alumno\AppData\Roaming\local\bin;C:\mingw64\bin;C:\Python\Python37-32\;C:\Ruby24-x64\bin;C:\Tcl\bin;C:\Program Files\Haskell\bin;C:\Program Files\Haskell Platform\2014.2.0.0\lib\extralibs\bin;C:\Program Files\Haskell Platform\2014.2.0.0\bin;C:\ProgramData\Oracle\Java\javapath;C:\Windows\system32;C:\Windows;C:\Windows\System32\Wbem;C:\Windows\System32\WindowsPowerShell\v1.0\;C:\Program Files\Java\jdk1.8.0_11\bin;C:\Program Files\Java\jdk1.8.0_11\lib;C:\Program Files (x86)\condor\bin\;C:\Program Files (x86)\sqldeveloper-3.2.20.09.87\sqldeveloper\jdk\lib;C:\Program Files (x86)\sqldeveloper-3.2.20.09.87\sqldeveloper\jdk\jre;C:\Program Files (x86)\sqldeveloper-3.2.20.09.87\sqldeveloper\jdk\jre\bin;C:\Program Files\Microsoft\Web Platform Installer\;C:\Program Files (x86)\Microsoft ASP.NET\ASP.NET Web Pages\v1.0\;C:\Program Files (x86)\Windows K;C:\Program Files\JetBrains\IntelliJ IDEA Community Edition 2019.1.3\bin;C:\Python\Python37-32\Scripts;C:\Users\alumno\.dotnet\tools;C:\maude+strat-20210730-windows\maude.exe;;."/>
    <property name="maven.conf" value="C:\Program Files\JetBrains\IntelliJ IDEA Community Edition 2021.1.3\plugins\maven\lib\maven3/conf"/>
    <property name="java.specification.name" value="Java Platform API Specification"/>
    <property name="java.class.version" value="52.0"/>
    <property name="sun.management.compiler" value="HotSpot 64-Bit Tiered Compilers"/>
    <property name="os.version" value="10.0"/>
    <property name="user.home" value="C:\Users\alumno"/>
    <property name="user.timezone" value="Europe/Paris"/>
    <property name="java.awt.printerjob" value="sun.awt.windows.WPrinterJob"/>
    <property name="java.specification.version" value="1.8"/>
    <property name="file.encoding" value="UTF-8"/>
    <property name="user.name" value="alumno"/>
    <property name="java.class.path" value="C:\Program Files\JetBrains\IntelliJ IDEA Community Edition 2021.1.3\plugins\maven\lib\maven3\boot\plexus-classworlds-2.6.0.jar;C:\Program Files\JetBrains\IntelliJ IDEA Community Edition 2021.1.3\plugins\maven\lib\maven3\boot\plexus-classworlds.license;C:\Program Files\JetBrains\IntelliJ IDEA Community Edition 2021.1.3\lib\idea_rt.jar"/>
    <property name="java.vm.specification.version" value="1.8"/>
    <property name="sun.arch.data.model" value="64"/>
    <property name="java.home" value="C:\Program Files\Java\jdk1.8.0_291\jre"/>
    <property name="sun.java.command" value="org.codehaus.classworlds.Launcher -Didea.version=2021.1.3 test"/>
    <property name="java.specification.vendor" value="Oracle Corporation"/>
    <property name="user.language" value="es"/>
    <property name="awt.toolkit" value="sun.awt.windows.WToolkit"/>
    <property name="java.vm.info" value="mixed mode"/>
    <property name="java.version" value="1.8.0_291"/>
    <property name="java.ext.dirs" value="C:\Program Files\Java\jdk1.8.0_291\jre\lib\ext;C:\WINDOWS\Sun\Java\lib\ext"/>
    <property name="sun.boot.class.path" value="C:\Program Files\Java\jdk1.8.0_291\jre\lib\resources.jar;C:\Program Files\Java\jdk1.8.0_291\jre\lib\rt.jar;C:\Program Files\Java\jdk1.8.0_291\jre\lib\sunrsasign.jar;C:\Program Files\Java\jdk1.8.0_291\jre\lib\jsse.jar;C:\Program Files\Java\jdk1.8.0_291\jre\lib\jce.jar;C:\Program Files\Java\jdk1.8.0_291\jre\lib\charsets.jar;C:\Program Files\Java\jdk1.8.0_291\jre\lib\jfr.jar;C:\Program Files\Java\jdk1.8.0_291\jre\classes"/>
    <property name="java.vendor" value="Oracle Corporation"/>
    <property name="maven.home" value="C:\Program Files\JetBrains\IntelliJ IDEA Community Edition 2021.1.3\plugins\maven\lib\maven3"/>
    <property name="file.separator" value="\"/>
    <property name="java.vendor.url.bug" value="http://bugreport.sun.com/bugreport/"/>
    <property name="sun.cpu.endian" value="little"/>
    <property name="sun.io.unicode.encoding" value="UnicodeLittle"/>
    <property name="sun.desktop" value="windows"/>
    <property name="sun.cpu.isalist" value="amd64"/>
  </properties>
  <testcase classname="es.uma.informatica.sii.ejb.practica.Trazabilidad" name="testInsertarLote" time="0.438"/>
  <testcase classname="es.uma.informatica.sii.ejb.practica.Trazabilidad" name="testInsertarLoteExistente" time="0.265"/>
  <testcase classname="es.uma.informatica.sii.ejb.practica.Trazabilidad" name="testEliminarLoteProductoNoEncontrado" time="0.156"/>
  <testcase classname="es.uma.informatica.sii.ejb.practica.Trazabilidad" name="testActualizarLote" time="0.344">
    <error type="javax.ejb.EJBException">javax.ejb.EJBException
	at com.sun.ejb.containers.EJBContainerTransactionManager.processSystemException(EJBContainerTransactionManager.java:728)
	at com.sun.ejb.containers.EJBContainerTransactionManager.completeNewTx(EJBContainerTransactionManager.java:678)
	at com.sun.ejb.containers.EJBContainerTransactionManager.postInvokeTx(EJBContainerTransactionManager.java:483)
	at com.sun.ejb.containers.BaseContainer.postInvokeTx(BaseContainer.java:4576)
	at com.sun.ejb.containers.BaseContainer.postInvoke(BaseContainer.java:2084)
	at com.sun.ejb.containers.BaseContainer.postInvoke(BaseContainer.java:2054)
	at com.sun.ejb.containers.EJBLocalObjectInvocationHandler.invoke(EJBLocalObjectInvocationHandler.java:196)
	at com.sun.ejb.containers.EJBLocalObjectInvocationHandlerDelegate.invoke(EJBLocalObjectInvocationHandlerDelegate.java:64)
	at com.sun.proxy.$Proxy169.actualizarLote(Unknown Source)
	at es.uma.informatica.sii.ejb.practica.Trazabilidad.testActualizarLote(Trazabilidad.java:221)
	at sun.reflect.NativeMethodAccessorImpl.invoke0(Native Method)
	at sun.reflect.NativeMethodAccessorImpl.invoke(NativeMethodAccessorImpl.java:62)
	at sun.reflect.DelegatingMethodAccessorImpl.invoke(DelegatingMethodAccessorImpl.java:43)
	at java.lang.reflect.Method.invoke(Method.java:498)
	at org.junit.runners.model.FrameworkMethod$1.runReflectiveCall(FrameworkMethod.java:59)
	at org.junit.internal.runners.model.ReflectiveCallable.run(ReflectiveCallable.java:12)
	at org.junit.runners.model.FrameworkMethod.invokeExplosively(FrameworkMethod.java:56)
	at org.junit.internal.runners.statements.InvokeMethod.evaluate(InvokeMethod.java:17)
	at org.junit.internal.runners.statements.RunBefores.evaluate(RunBefores.java:26)
	at org.junit.runners.ParentRunner$3.evaluate(ParentRunner.java:306)
	at org.junit.runners.BlockJUnit4ClassRunner$1.evaluate(BlockJUnit4ClassRunner.java:100)
	at org.junit.runners.ParentRunner.runLeaf(ParentRunner.java:366)
	at org.junit.runners.BlockJUnit4ClassRunner.runChild(BlockJUnit4ClassRunner.java:103)
	at org.junit.runners.BlockJUnit4ClassRunner.runChild(BlockJUnit4ClassRunner.java:63)
	at org.junit.runners.ParentRunner$4.run(ParentRunner.java:331)
	at org.junit.runners.ParentRunner$1.schedule(ParentRunner.java:79)
	at org.junit.runners.ParentRunner.runChildren(ParentRunner.java:329)
	at org.junit.runners.ParentRunner.access$100(ParentRunner.java:66)
	at org.junit.runners.ParentRunner$2.evaluate(ParentRunner.java:293)
	at org.junit.runners.ParentRunner$3.evaluate(ParentRunner.java:306)
	at org.junit.runners.ParentRunner.run(ParentRunner.java:413)
	at org.junit.runners.Suite.runChild(Suite.java:128)
	at org.junit.runners.Suite.runChild(Suite.java:27)
	at org.junit.runners.ParentRunner$4.run(ParentRunner.java:331)
	at org.junit.runners.ParentRunner$1.schedule(ParentRunner.java:79)
	at org.junit.runners.ParentRunner.runChildren(ParentRunner.java:329)
	at org.junit.runners.ParentRunner.access$100(ParentRunner.java:66)
	at org.junit.runners.ParentRunner$2.evaluate(ParentRunner.java:293)
	at org.junit.internal.runners.statements.RunBefores.evaluate(RunBefores.java:26)
	at org.junit.internal.runners.statements.RunAfters.evaluate(RunAfters.java:27)
	at org.junit.runners.ParentRunner$3.evaluate(ParentRunner.java:306)
	at org.junit.runners.ParentRunner.run(ParentRunner.java:413)
	at org.apache.maven.surefire.junit4.JUnit4Provider.execute(JUnit4Provider.java:252)
	at org.apache.maven.surefire.junit4.JUnit4Provider.executeTestSet(JUnit4Provider.java:141)
	at org.apache.maven.surefire.junit4.JUnit4Provider.invoke(JUnit4Provider.java:112)
	at sun.reflect.NativeMethodAccessorImpl.invoke0(Native Method)
	at sun.reflect.NativeMethodAccessorImpl.invoke(NativeMethodAccessorImpl.java:62)
	at sun.reflect.DelegatingMethodAccessorImpl.invoke(DelegatingMethodAccessorImpl.java:43)
	at java.lang.reflect.Method.invoke(Method.java:498)
	at org.apache.maven.surefire.util.ReflectionUtils.invokeMethodWithArray(ReflectionUtils.java:189)
	at org.apache.maven.surefire.booter.ProviderFactory$ProviderProxy.invoke(ProviderFactory.java:165)
	at org.apache.maven.surefire.booter.ProviderFactory.invokeProvider(ProviderFactory.java:85)
	at org.apache.maven.surefire.booter.ForkedBooter.runSuitesInProcess(ForkedBooter.java:115)
	at org.apache.maven.surefire.booter.ForkedBooter.main(ForkedBooter.java:75)
Caused by: java.lang.IllegalArgumentException: You have provided an instance of an incorrect PK class for this find operation.  Class expected : class es.uma.informatica.sii.ejb.practica.entidades.Lote$LoteId, Class received : class java.lang.String.
	at org.eclipse.persistence.internal.jpa.EntityManagerImpl.findInternal(EntityManagerImpl.java:901)
	at org.eclipse.persistence.internal.jpa.EntityManagerImpl.find(EntityManagerImpl.java:825)
	at org.eclipse.persistence.internal.jpa.EntityManagerImpl.find(EntityManagerImpl.java:691)
	at com.sun.enterprise.container.common.impl.EntityManagerWrapper.find(EntityManagerWrapper.java:318)
	at es.uma.informatica.sii.ejb.practica.ejb.LotesEJB.actualizarLote(LotesEJB.java:68)
	at sun.reflect.NativeMethodAccessorImpl.invoke0(Native Method)
	at sun.reflect.NativeMethodAccessorImpl.invoke(NativeMethodAccessorImpl.java:62)
	at sun.reflect.DelegatingMethodAccessorImpl.invoke(DelegatingMethodAccessorImpl.java:43)
	at java.lang.reflect.Method.invoke(Method.java:498)
	at org.glassfish.ejb.security.application.EJBSecurityManager.runMethod(EJBSecurityManager.java:1057)
	at org.glassfish.ejb.security.application.EJBSecurityManager.invoke(EJBSecurityManager.java:1129)
	at com.sun.ejb.containers.BaseContainer.invokeBeanMethod(BaseContainer.java:4796)
	at com.sun.ejb.EjbInvocation.invokeBeanMethod(EjbInvocation.java:632)
	at com.sun.ejb.containers.interceptors.AroundInvokeChainImpl.invokeNext(InterceptorManager.java:800)
	at com.sun.ejb.EjbInvocation.proceed(EjbInvocation.java:584)
	at org.jboss.weld.module.ejb.AbstractEJBRequestScopeActivationInterceptor.aroundInvoke(AbstractEJBRequestScopeActivationInterceptor.java:81)
	at org.jboss.weld.module.ejb.SessionBeanInterceptor.aroundInvoke(SessionBeanInterceptor.java:52)
	at sun.reflect.NativeMethodAccessorImpl.invoke0(Native Method)
	at sun.reflect.NativeMethodAccessorImpl.invoke(NativeMethodAccessorImpl.java:62)
	at sun.reflect.DelegatingMethodAccessorImpl.invoke(DelegatingMethodAccessorImpl.java:43)
	at java.lang.reflect.Method.invoke(Method.java:498)
	at com.sun.ejb.containers.interceptors.AroundInvokeInterceptor.intercept(InterceptorManager.java:859)
	at com.sun.ejb.containers.interceptors.AroundInvokeChainImpl.invokeNext(InterceptorManager.java:799)
	at com.sun.ejb.EjbInvocation.proceed(EjbInvocation.java:584)
	at com.sun.ejb.containers.interceptors.SystemInterceptorProxy.doCall(SystemInterceptorProxy.java:139)
	at com.sun.ejb.containers.interceptors.SystemInterceptorProxy.aroundInvoke(SystemInterceptorProxy.java:116)
	at sun.reflect.NativeMethodAccessorImpl.invoke0(Native Method)
	at sun.reflect.NativeMethodAccessorImpl.invoke(NativeMethodAccessorImpl.java:62)
	at sun.reflect.DelegatingMethodAccessorImpl.invoke(DelegatingMethodAccessorImpl.java:43)
	at java.lang.reflect.Method.invoke(Method.java:498)
	at com.sun.ejb.containers.interceptors.AroundInvokeInterceptor.intercept(InterceptorManager.java:859)
	at com.sun.ejb.containers.interceptors.AroundInvokeChainImpl.invokeNext(InterceptorManager.java:799)
	at com.sun.ejb.containers.interceptors.InterceptorManager.intercept(InterceptorManager.java:345)
	at com.sun.ejb.containers.BaseContainer.__intercept(BaseContainer.java:4768)
	at com.sun.ejb.containers.BaseContainer.intercept(BaseContainer.java:4756)
	at com.sun.ejb.containers.EJBLocalObjectInvocationHandler.invoke(EJBLocalObjectInvocationHandler.java:188)
	... 47 more
</error>
    <system-out>[EL Info]: 2022-04-07 10:28:33.346--ServerSession(1891852600)--EclipseLink, version: Eclipse Persistence Services - 2.7.4.v20190115-ad5b7c6b2a
[EL Info]: connection: 2022-04-07 10:28:33.377--ServerSession(1891852600)--/file:/C:/Users/alumno/Downloads/trazabilidad-ejb/trazabilidad-ejb/target/test-classes/_TrazabilidadTest login successful
[EL Info]: connection: 2022-04-07 10:28:33.518--ServerSession(1891852600)--/file:/C:/Users/alumno/Downloads/trazabilidad-ejb/trazabilidad-ejb/target/test-classes/_TrazabilidadTest logout successful
</system-out>
    <system-err>abr 07, 2022 10:28:33 AM com.sun.ejb.containers.BaseContainer postInvoke
ADVERTENCIA: A system exception occurred during an invocation on EJB LotesEJB, method: public void es.uma.informatica.sii.ejb.practica.ejb.LotesEJB.actualizarLote(java.lang.String,es.uma.informatica.sii.ejb.practica.entidades.Lote) throws es.uma.informatica.sii.ejb.practica.ejb.exceptions.ProductoNoEncontradoException,es.uma.informatica.sii.ejb.practica.ejb.exceptions.LoteNoEncontradoException,es.uma.informatica.sii.ejb.practica.ejb.exceptions.IngredientesIncorrectosException
abr 07, 2022 10:28:33 AM com.sun.ejb.containers.BaseContainer postInvoke
ADVERTENCIA: 
javax.ejb.EJBException
	at com.sun.ejb.containers.EJBContainerTransactionManager.processSystemException(EJBContainerTransactionManager.java:728)
	at com.sun.ejb.containers.EJBContainerTransactionManager.completeNewTx(EJBContainerTransactionManager.java:678)
	at com.sun.ejb.containers.EJBContainerTransactionManager.postInvokeTx(EJBContainerTransactionManager.java:483)
	at com.sun.ejb.containers.BaseContainer.postInvokeTx(BaseContainer.java:4576)
	at com.sun.ejb.containers.BaseContainer.postInvoke(BaseContainer.java:2084)
	at com.sun.ejb.containers.BaseContainer.postInvoke(BaseContainer.java:2054)
	at com.sun.ejb.containers.EJBLocalObjectInvocationHandler.invoke(EJBLocalObjectInvocationHandler.java:196)
	at com.sun.ejb.containers.EJBLocalObjectInvocationHandlerDelegate.invoke(EJBLocalObjectInvocationHandlerDelegate.java:64)
	at com.sun.proxy.$Proxy169.actualizarLote(Unknown Source)
	at es.uma.informatica.sii.ejb.practica.Trazabilidad.testActualizarLote(Trazabilidad.java:221)
	at sun.reflect.NativeMethodAccessorImpl.invoke0(Native Method)
	at sun.reflect.NativeMethodAccessorImpl.invoke(NativeMethodAccessorImpl.java:62)
	at sun.reflect.DelegatingMethodAccessorImpl.invoke(DelegatingMethodAccessorImpl.java:43)
	at java.lang.reflect.Method.invoke(Method.java:498)
	at org.junit.runners.model.FrameworkMethod$1.runReflectiveCall(FrameworkMethod.java:59)
	at org.junit.internal.runners.model.ReflectiveCallable.run(ReflectiveCallable.java:12)
	at org.junit.runners.model.FrameworkMethod.invokeExplosively(FrameworkMethod.java:56)
	at org.junit.internal.runners.statements.InvokeMethod.evaluate(InvokeMethod.java:17)
	at org.junit.internal.runners.statements.RunBefores.evaluate(RunBefores.java:26)
	at org.junit.runners.ParentRunner$3.evaluate(ParentRunner.java:306)
	at org.junit.runners.BlockJUnit4ClassRunner$1.evaluate(BlockJUnit4ClassRunner.java:100)
	at org.junit.runners.ParentRunner.runLeaf(ParentRunner.java:366)
	at org.junit.runners.BlockJUnit4ClassRunner.runChild(BlockJUnit4ClassRunner.java:103)
	at org.junit.runners.BlockJUnit4ClassRunner.runChild(BlockJUnit4ClassRunner.java:63)
	at org.junit.runners.ParentRunner$4.run(ParentRunner.java:331)
	at org.junit.runners.ParentRunner$1.schedule(ParentRunner.java:79)
	at org.junit.runners.ParentRunner.runChildren(ParentRunner.java:329)
	at org.junit.runners.ParentRunner.access$100(ParentRunner.java:66)
	at org.junit.runners.ParentRunner$2.evaluate(ParentRunner.java:293)
	at org.junit.runners.ParentRunner$3.evaluate(ParentRunner.java:306)
	at org.junit.runners.ParentRunner.run(ParentRunner.java:413)
	at org.junit.runners.Suite.runChild(Suite.java:128)
	at org.junit.runners.Suite.runChild(Suite.java:27)
	at org.junit.runners.ParentRunner$4.run(ParentRunner.java:331)
	at org.junit.runners.ParentRunner$1.schedule(ParentRunner.java:79)
	at org.junit.runners.ParentRunner.runChildren(ParentRunner.java:329)
	at org.junit.runners.ParentRunner.access$100(ParentRunner.java:66)
	at org.junit.runners.ParentRunner$2.evaluate(ParentRunner.java:293)
	at org.junit.internal.runners.statements.RunBefores.evaluate(RunBefores.java:26)
	at org.junit.internal.runners.statements.RunAfters.evaluate(RunAfters.java:27)
	at org.junit.runners.ParentRunner$3.evaluate(ParentRunner.java:306)
	at org.junit.runners.ParentRunner.run(ParentRunner.java:413)
	at org.apache.maven.surefire.junit4.JUnit4Provider.execute(JUnit4Provider.java:252)
	at org.apache.maven.surefire.junit4.JUnit4Provider.executeTestSet(JUnit4Provider.java:141)
	at org.apache.maven.surefire.junit4.JUnit4Provider.invoke(JUnit4Provider.java:112)
	at sun.reflect.NativeMethodAccessorImpl.invoke0(Native Method)
	at sun.reflect.NativeMethodAccessorImpl.invoke(NativeMethodAccessorImpl.java:62)
	at sun.reflect.DelegatingMethodAccessorImpl.invoke(DelegatingMethodAccessorImpl.java:43)
	at java.lang.reflect.Method.invoke(Method.java:498)
	at org.apache.maven.surefire.util.ReflectionUtils.invokeMethodWithArray(ReflectionUtils.java:189)
	at org.apache.maven.surefire.booter.ProviderFactory$ProviderProxy.invoke(ProviderFactory.java:165)
	at org.apache.maven.surefire.booter.ProviderFactory.invokeProvider(ProviderFactory.java:85)
	at org.apache.maven.surefire.booter.ForkedBooter.runSuitesInProcess(ForkedBooter.java:115)
	at org.apache.maven.surefire.booter.ForkedBooter.main(ForkedBooter.java:75)
Caused by: java.lang.IllegalArgumentException: You have provided an instance of an incorrect PK class for this find operation.  Class expected : class es.uma.informatica.sii.ejb.practica.entidades.Lote$LoteId, Class received : class java.lang.String.
	at org.eclipse.persistence.internal.jpa.EntityManagerImpl.findInternal(EntityManagerImpl.java:901)
	at org.eclipse.persistence.internal.jpa.EntityManagerImpl.find(EntityManagerImpl.java:825)
	at org.eclipse.persistence.internal.jpa.EntityManagerImpl.find(EntityManagerImpl.java:691)
	at com.sun.enterprise.container.common.impl.EntityManagerWrapper.find(EntityManagerWrapper.java:318)
	at es.uma.informatica.sii.ejb.practica.ejb.LotesEJB.actualizarLote(LotesEJB.java:68)
	at sun.reflect.NativeMethodAccessorImpl.invoke0(Native Method)
	at sun.reflect.NativeMethodAccessorImpl.invoke(NativeMethodAccessorImpl.java:62)
	at sun.reflect.DelegatingMethodAccessorImpl.invoke(DelegatingMethodAccessorImpl.java:43)
	at java.lang.reflect.Method.invoke(Method.java:498)
	at org.glassfish.ejb.security.application.EJBSecurityManager.runMethod(EJBSecurityManager.java:1057)
	at org.glassfish.ejb.security.application.EJBSecurityManager.invoke(EJBSecurityManager.java:1129)
	at com.sun.ejb.containers.BaseContainer.invokeBeanMethod(BaseContainer.java:4796)
	at com.sun.ejb.EjbInvocation.invokeBeanMethod(EjbInvocation.java:632)
	at com.sun.ejb.containers.interceptors.AroundInvokeChainImpl.invokeNext(InterceptorManager.java:800)
	at com.sun.ejb.EjbInvocation.proceed(EjbInvocation.java:584)
	at org.jboss.weld.module.ejb.AbstractEJBRequestScopeActivationInterceptor.aroundInvoke(AbstractEJBRequestScopeActivationInterceptor.java:81)
	at org.jboss.weld.module.ejb.SessionBeanInterceptor.aroundInvoke(SessionBeanInterceptor.java:52)
	at sun.reflect.NativeMethodAccessorImpl.invoke0(Native Method)
	at sun.reflect.NativeMethodAccessorImpl.invoke(NativeMethodAccessorImpl.java:62)
	at sun.reflect.DelegatingMethodAccessorImpl.invoke(DelegatingMethodAccessorImpl.java:43)
	at java.lang.reflect.Method.invoke(Method.java:498)
	at com.sun.ejb.containers.interceptors.AroundInvokeInterceptor.intercept(InterceptorManager.java:859)
	at com.sun.ejb.containers.interceptors.AroundInvokeChainImpl.invokeNext(InterceptorManager.java:799)
	at com.sun.ejb.EjbInvocation.proceed(EjbInvocation.java:584)
	at com.sun.ejb.containers.interceptors.SystemInterceptorProxy.doCall(SystemInterceptorProxy.java:139)
	at com.sun.ejb.containers.interceptors.SystemInterceptorProxy.aroundInvoke(SystemInterceptorProxy.java:116)
	at sun.reflect.NativeMethodAccessorImpl.invoke0(Native Method)
	at sun.reflect.NativeMethodAccessorImpl.invoke(NativeMethodAccessorImpl.java:62)
	at sun.reflect.DelegatingMethodAccessorImpl.invoke(DelegatingMethodAccessorImpl.java:43)
	at java.lang.reflect.Method.invoke(Method.java:498)
	at com.sun.ejb.containers.interceptors.AroundInvokeInterceptor.intercept(InterceptorManager.java:859)
	at com.sun.ejb.containers.interceptors.AroundInvokeChainImpl.invokeNext(InterceptorManager.java:799)
	at com.sun.ejb.containers.interceptors.InterceptorManager.intercept(InterceptorManager.java:345)
	at com.sun.ejb.containers.BaseContainer.__intercept(BaseContainer.java:4768)
	at com.sun.ejb.containers.BaseContainer.intercept(BaseContainer.java:4756)
	at com.sun.ejb.containers.EJBLocalObjectInvocationHandler.invoke(EJBLocalObjectInvocationHandler.java:188)
	... 47 more

</system-err>
  </testcase>
  <testcase classname="es.uma.informatica.sii.ejb.practica.Trazabilidad" name="testEliminarLoteNoEncontrado" time="0.313">
    <error type="javax.ejb.EJBException">javax.ejb.EJBException
	at com.sun.ejb.containers.EJBContainerTransactionManager.processSystemException(EJBContainerTransactionManager.java:728)
	at com.sun.ejb.containers.EJBContainerTransactionManager.completeNewTx(EJBContainerTransactionManager.java:678)
	at com.sun.ejb.containers.EJBContainerTransactionManager.postInvokeTx(EJBContainerTransactionManager.java:483)
	at com.sun.ejb.containers.BaseContainer.postInvokeTx(BaseContainer.java:4576)
	at com.sun.ejb.containers.BaseContainer.postInvoke(BaseContainer.java:2084)
	at com.sun.ejb.containers.BaseContainer.postInvoke(BaseContainer.java:2054)
	at com.sun.ejb.containers.EJBLocalObjectInvocationHandler.invoke(EJBLocalObjectInvocationHandler.java:196)
	at com.sun.ejb.containers.EJBLocalObjectInvocationHandlerDelegate.invoke(EJBLocalObjectInvocationHandlerDelegate.java:64)
	at com.sun.proxy.$Proxy169.eliminarLote(Unknown Source)
	at es.uma.informatica.sii.ejb.practica.Trazabilidad.testEliminarLoteNoEncontrado(Trazabilidad.java:368)
	at sun.reflect.NativeMethodAccessorImpl.invoke0(Native Method)
	at sun.reflect.NativeMethodAccessorImpl.invoke(NativeMethodAccessorImpl.java:62)
	at sun.reflect.DelegatingMethodAccessorImpl.invoke(DelegatingMethodAccessorImpl.java:43)
	at java.lang.reflect.Method.invoke(Method.java:498)
	at org.junit.runners.model.FrameworkMethod$1.runReflectiveCall(FrameworkMethod.java:59)
	at org.junit.internal.runners.model.ReflectiveCallable.run(ReflectiveCallable.java:12)
	at org.junit.runners.model.FrameworkMethod.invokeExplosively(FrameworkMethod.java:56)
	at org.junit.internal.runners.statements.InvokeMethod.evaluate(InvokeMethod.java:17)
	at org.junit.internal.runners.statements.RunBefores.evaluate(RunBefores.java:26)
	at org.junit.runners.ParentRunner$3.evaluate(ParentRunner.java:306)
	at org.junit.runners.BlockJUnit4ClassRunner$1.evaluate(BlockJUnit4ClassRunner.java:100)
	at org.junit.runners.ParentRunner.runLeaf(ParentRunner.java:366)
	at org.junit.runners.BlockJUnit4ClassRunner.runChild(BlockJUnit4ClassRunner.java:103)
	at org.junit.runners.BlockJUnit4ClassRunner.runChild(BlockJUnit4ClassRunner.java:63)
	at org.junit.runners.ParentRunner$4.run(ParentRunner.java:331)
	at org.junit.runners.ParentRunner$1.schedule(ParentRunner.java:79)
	at org.junit.runners.ParentRunner.runChildren(ParentRunner.java:329)
	at org.junit.runners.ParentRunner.access$100(ParentRunner.java:66)
	at org.junit.runners.ParentRunner$2.evaluate(ParentRunner.java:293)
	at org.junit.runners.ParentRunner$3.evaluate(ParentRunner.java:306)
	at org.junit.runners.ParentRunner.run(ParentRunner.java:413)
	at org.junit.runners.Suite.runChild(Suite.java:128)
	at org.junit.runners.Suite.runChild(Suite.java:27)
	at org.junit.runners.ParentRunner$4.run(ParentRunner.java:331)
	at org.junit.runners.ParentRunner$1.schedule(ParentRunner.java:79)
	at org.junit.runners.ParentRunner.runChildren(ParentRunner.java:329)
	at org.junit.runners.ParentRunner.access$100(ParentRunner.java:66)
	at org.junit.runners.ParentRunner$2.evaluate(ParentRunner.java:293)
	at org.junit.internal.runners.statements.RunBefores.evaluate(RunBefores.java:26)
	at org.junit.internal.runners.statements.RunAfters.evaluate(RunAfters.java:27)
	at org.junit.runners.ParentRunner$3.evaluate(ParentRunner.java:306)
	at org.junit.runners.ParentRunner.run(ParentRunner.java:413)
	at org.apache.maven.surefire.junit4.JUnit4Provider.execute(JUnit4Provider.java:252)
	at org.apache.maven.surefire.junit4.JUnit4Provider.executeTestSet(JUnit4Provider.java:141)
	at org.apache.maven.surefire.junit4.JUnit4Provider.invoke(JUnit4Provider.java:112)
	at sun.reflect.NativeMethodAccessorImpl.invoke0(Native Method)
	at sun.reflect.NativeMethodAccessorImpl.invoke(NativeMethodAccessorImpl.java:62)
	at sun.reflect.DelegatingMethodAccessorImpl.invoke(DelegatingMethodAccessorImpl.java:43)
	at java.lang.reflect.Method.invoke(Method.java:498)
	at org.apache.maven.surefire.util.ReflectionUtils.invokeMethodWithArray(ReflectionUtils.java:189)
	at org.apache.maven.surefire.booter.ProviderFactory$ProviderProxy.invoke(ProviderFactory.java:165)
	at org.apache.maven.surefire.booter.ProviderFactory.invokeProvider(ProviderFactory.java:85)
	at org.apache.maven.surefire.booter.ForkedBooter.runSuitesInProcess(ForkedBooter.java:115)
	at org.apache.maven.surefire.booter.ForkedBooter.main(ForkedBooter.java:75)
Caused by: java.lang.IllegalArgumentException: You have provided an instance of an incorrect PK class for this find operation.  Class expected : class es.uma.informatica.sii.ejb.practica.entidades.Lote$LoteId, Class received : class java.lang.String.
	at org.eclipse.persistence.internal.jpa.EntityManagerImpl.findInternal(EntityManagerImpl.java:901)
	at org.eclipse.persistence.internal.jpa.EntityManagerImpl.find(EntityManagerImpl.java:825)
	at org.eclipse.persistence.internal.jpa.EntityManagerImpl.find(EntityManagerImpl.java:691)
	at com.sun.enterprise.container.common.impl.EntityManagerWrapper.find(EntityManagerWrapper.java:318)
	at es.uma.informatica.sii.ejb.practica.ejb.LotesEJB.eliminarLote(LotesEJB.java:91)
	at sun.reflect.NativeMethodAccessorImpl.invoke0(Native Method)
	at sun.reflect.NativeMethodAccessorImpl.invoke(NativeMethodAccessorImpl.java:62)
	at sun.reflect.DelegatingMethodAccessorImpl.invoke(DelegatingMethodAccessorImpl.java:43)
	at java.lang.reflect.Method.invoke(Method.java:498)
	at org.glassfish.ejb.security.application.EJBSecurityManager.runMethod(EJBSecurityManager.java:1057)
	at org.glassfish.ejb.security.application.EJBSecurityManager.invoke(EJBSecurityManager.java:1129)
	at com.sun.ejb.containers.BaseContainer.invokeBeanMethod(BaseContainer.java:4796)
	at com.sun.ejb.EjbInvocation.invokeBeanMethod(EjbInvocation.java:632)
	at com.sun.ejb.containers.interceptors.AroundInvokeChainImpl.invokeNext(InterceptorManager.java:800)
	at com.sun.ejb.EjbInvocation.proceed(EjbInvocation.java:584)
	at org.jboss.weld.module.ejb.AbstractEJBRequestScopeActivationInterceptor.aroundInvoke(AbstractEJBRequestScopeActivationInterceptor.java:81)
	at org.jboss.weld.module.ejb.SessionBeanInterceptor.aroundInvoke(SessionBeanInterceptor.java:52)
	at sun.reflect.NativeMethodAccessorImpl.invoke0(Native Method)
	at sun.reflect.NativeMethodAccessorImpl.invoke(NativeMethodAccessorImpl.java:62)
	at sun.reflect.DelegatingMethodAccessorImpl.invoke(DelegatingMethodAccessorImpl.java:43)
	at java.lang.reflect.Method.invoke(Method.java:498)
	at com.sun.ejb.containers.interceptors.AroundInvokeInterceptor.intercept(InterceptorManager.java:859)
	at com.sun.ejb.containers.interceptors.AroundInvokeChainImpl.invokeNext(InterceptorManager.java:799)
	at com.sun.ejb.EjbInvocation.proceed(EjbInvocation.java:584)
	at com.sun.ejb.containers.interceptors.SystemInterceptorProxy.doCall(SystemInterceptorProxy.java:139)
	at com.sun.ejb.containers.interceptors.SystemInterceptorProxy.aroundInvoke(SystemInterceptorProxy.java:116)
	at sun.reflect.NativeMethodAccessorImpl.invoke0(Native Method)
	at sun.reflect.NativeMethodAccessorImpl.invoke(NativeMethodAccessorImpl.java:62)
	at sun.reflect.DelegatingMethodAccessorImpl.invoke(DelegatingMethodAccessorImpl.java:43)
	at java.lang.reflect.Method.invoke(Method.java:498)
	at com.sun.ejb.containers.interceptors.AroundInvokeInterceptor.intercept(InterceptorManager.java:859)
	at com.sun.ejb.containers.interceptors.AroundInvokeChainImpl.invokeNext(InterceptorManager.java:799)
	at com.sun.ejb.containers.interceptors.InterceptorManager.intercept(InterceptorManager.java:345)
	at com.sun.ejb.containers.BaseContainer.__intercept(BaseContainer.java:4768)
	at com.sun.ejb.containers.BaseContainer.intercept(BaseContainer.java:4756)
	at com.sun.ejb.containers.EJBLocalObjectInvocationHandler.invoke(EJBLocalObjectInvocationHandler.java:188)
	... 47 more
</error>
    <system-out>[EL Info]: 2022-04-07 10:28:33.674--ServerSession(1494979864)--EclipseLink, version: Eclipse Persistence Services - 2.7.4.v20190115-ad5b7c6b2a
[EL Info]: connection: 2022-04-07 10:28:33.69--ServerSession(1494979864)--/file:/C:/Users/alumno/Downloads/trazabilidad-ejb/trazabilidad-ejb/target/test-classes/_TrazabilidadTest login successful
[EL Info]: connection: 2022-04-07 10:28:33.861--ServerSession(1494979864)--/file:/C:/Users/alumno/Downloads/trazabilidad-ejb/trazabilidad-ejb/target/test-classes/_TrazabilidadTest logout successful
</system-out>
    <system-err>abr 07, 2022 10:28:33 AM com.sun.ejb.containers.BaseContainer postInvoke
ADVERTENCIA: A system exception occurred during an invocation on EJB LotesEJB, method: public void es.uma.informatica.sii.ejb.practica.ejb.LotesEJB.eliminarLote(java.lang.String,es.uma.informatica.sii.ejb.practica.entidades.Lote) throws es.uma.informatica.sii.ejb.practica.ejb.exceptions.ProductoNoEncontradoException,es.uma.informatica.sii.ejb.practica.ejb.exceptions.LoteNoEncontradoException
abr 07, 2022 10:28:33 AM com.sun.ejb.containers.BaseContainer postInvoke
ADVERTENCIA: 
javax.ejb.EJBException
	at com.sun.ejb.containers.EJBContainerTransactionManager.processSystemException(EJBContainerTransactionManager.java:728)
	at com.sun.ejb.containers.EJBContainerTransactionManager.completeNewTx(EJBContainerTransactionManager.java:678)
	at com.sun.ejb.containers.EJBContainerTransactionManager.postInvokeTx(EJBContainerTransactionManager.java:483)
	at com.sun.ejb.containers.BaseContainer.postInvokeTx(BaseContainer.java:4576)
	at com.sun.ejb.containers.BaseContainer.postInvoke(BaseContainer.java:2084)
	at com.sun.ejb.containers.BaseContainer.postInvoke(BaseContainer.java:2054)
	at com.sun.ejb.containers.EJBLocalObjectInvocationHandler.invoke(EJBLocalObjectInvocationHandler.java:196)
	at com.sun.ejb.containers.EJBLocalObjectInvocationHandlerDelegate.invoke(EJBLocalObjectInvocationHandlerDelegate.java:64)
	at com.sun.proxy.$Proxy169.eliminarLote(Unknown Source)
	at es.uma.informatica.sii.ejb.practica.Trazabilidad.testEliminarLoteNoEncontrado(Trazabilidad.java:368)
	at sun.reflect.NativeMethodAccessorImpl.invoke0(Native Method)
	at sun.reflect.NativeMethodAccessorImpl.invoke(NativeMethodAccessorImpl.java:62)
	at sun.reflect.DelegatingMethodAccessorImpl.invoke(DelegatingMethodAccessorImpl.java:43)
	at java.lang.reflect.Method.invoke(Method.java:498)
	at org.junit.runners.model.FrameworkMethod$1.runReflectiveCall(FrameworkMethod.java:59)
	at org.junit.internal.runners.model.ReflectiveCallable.run(ReflectiveCallable.java:12)
	at org.junit.runners.model.FrameworkMethod.invokeExplosively(FrameworkMethod.java:56)
	at org.junit.internal.runners.statements.InvokeMethod.evaluate(InvokeMethod.java:17)
	at org.junit.internal.runners.statements.RunBefores.evaluate(RunBefores.java:26)
	at org.junit.runners.ParentRunner$3.evaluate(ParentRunner.java:306)
	at org.junit.runners.BlockJUnit4ClassRunner$1.evaluate(BlockJUnit4ClassRunner.java:100)
	at org.junit.runners.ParentRunner.runLeaf(ParentRunner.java:366)
	at org.junit.runners.BlockJUnit4ClassRunner.runChild(BlockJUnit4ClassRunner.java:103)
	at org.junit.runners.BlockJUnit4ClassRunner.runChild(BlockJUnit4ClassRunner.java:63)
	at org.junit.runners.ParentRunner$4.run(ParentRunner.java:331)
	at org.junit.runners.ParentRunner$1.schedule(ParentRunner.java:79)
	at org.junit.runners.ParentRunner.runChildren(ParentRunner.java:329)
	at org.junit.runners.ParentRunner.access$100(ParentRunner.java:66)
	at org.junit.runners.ParentRunner$2.evaluate(ParentRunner.java:293)
	at org.junit.runners.ParentRunner$3.evaluate(ParentRunner.java:306)
	at org.junit.runners.ParentRunner.run(ParentRunner.java:413)
	at org.junit.runners.Suite.runChild(Suite.java:128)
	at org.junit.runners.Suite.runChild(Suite.java:27)
	at org.junit.runners.ParentRunner$4.run(ParentRunner.java:331)
	at org.junit.runners.ParentRunner$1.schedule(ParentRunner.java:79)
	at org.junit.runners.ParentRunner.runChildren(ParentRunner.java:329)
	at org.junit.runners.ParentRunner.access$100(ParentRunner.java:66)
	at org.junit.runners.ParentRunner$2.evaluate(ParentRunner.java:293)
	at org.junit.internal.runners.statements.RunBefores.evaluate(RunBefores.java:26)
	at org.junit.internal.runners.statements.RunAfters.evaluate(RunAfters.java:27)
	at org.junit.runners.ParentRunner$3.evaluate(ParentRunner.java:306)
	at org.junit.runners.ParentRunner.run(ParentRunner.java:413)
	at org.apache.maven.surefire.junit4.JUnit4Provider.execute(JUnit4Provider.java:252)
	at org.apache.maven.surefire.junit4.JUnit4Provider.executeTestSet(JUnit4Provider.java:141)
	at org.apache.maven.surefire.junit4.JUnit4Provider.invoke(JUnit4Provider.java:112)
	at sun.reflect.NativeMethodAccessorImpl.invoke0(Native Method)
	at sun.reflect.NativeMethodAccessorImpl.invoke(NativeMethodAccessorImpl.java:62)
	at sun.reflect.DelegatingMethodAccessorImpl.invoke(DelegatingMethodAccessorImpl.java:43)
	at java.lang.reflect.Method.invoke(Method.java:498)
	at org.apache.maven.surefire.util.ReflectionUtils.invokeMethodWithArray(ReflectionUtils.java:189)
	at org.apache.maven.surefire.booter.ProviderFactory$ProviderProxy.invoke(ProviderFactory.java:165)
	at org.apache.maven.surefire.booter.ProviderFactory.invokeProvider(ProviderFactory.java:85)
	at org.apache.maven.surefire.booter.ForkedBooter.runSuitesInProcess(ForkedBooter.java:115)
	at org.apache.maven.surefire.booter.ForkedBooter.main(ForkedBooter.java:75)
Caused by: java.lang.IllegalArgumentException: You have provided an instance of an incorrect PK class for this find operation.  Class expected : class es.uma.informatica.sii.ejb.practica.entidades.Lote$LoteId, Class received : class java.lang.String.
	at org.eclipse.persistence.internal.jpa.EntityManagerImpl.findInternal(EntityManagerImpl.java:901)
	at org.eclipse.persistence.internal.jpa.EntityManagerImpl.find(EntityManagerImpl.java:825)
	at org.eclipse.persistence.internal.jpa.EntityManagerImpl.find(EntityManagerImpl.java:691)
	at com.sun.enterprise.container.common.impl.EntityManagerWrapper.find(EntityManagerWrapper.java:318)
	at es.uma.informatica.sii.ejb.practica.ejb.LotesEJB.eliminarLote(LotesEJB.java:91)
	at sun.reflect.NativeMethodAccessorImpl.invoke0(Native Method)
	at sun.reflect.NativeMethodAccessorImpl.invoke(NativeMethodAccessorImpl.java:62)
	at sun.reflect.DelegatingMethodAccessorImpl.invoke(DelegatingMethodAccessorImpl.java:43)
	at java.lang.reflect.Method.invoke(Method.java:498)
	at org.glassfish.ejb.security.application.EJBSecurityManager.runMethod(EJBSecurityManager.java:1057)
	at org.glassfish.ejb.security.application.EJBSecurityManager.invoke(EJBSecurityManager.java:1129)
	at com.sun.ejb.containers.BaseContainer.invokeBeanMethod(BaseContainer.java:4796)
	at com.sun.ejb.EjbInvocation.invokeBeanMethod(EjbInvocation.java:632)
	at com.sun.ejb.containers.interceptors.AroundInvokeChainImpl.invokeNext(InterceptorManager.java:800)
	at com.sun.ejb.EjbInvocation.proceed(EjbInvocation.java:584)
	at org.jboss.weld.module.ejb.AbstractEJBRequestScopeActivationInterceptor.aroundInvoke(AbstractEJBRequestScopeActivationInterceptor.java:81)
	at org.jboss.weld.module.ejb.SessionBeanInterceptor.aroundInvoke(SessionBeanInterceptor.java:52)
	at sun.reflect.NativeMethodAccessorImpl.invoke0(Native Method)
	at sun.reflect.NativeMethodAccessorImpl.invoke(NativeMethodAccessorImpl.java:62)
	at sun.reflect.DelegatingMethodAccessorImpl.invoke(DelegatingMethodAccessorImpl.java:43)
	at java.lang.reflect.Method.invoke(Method.java:498)
	at com.sun.ejb.containers.interceptors.AroundInvokeInterceptor.intercept(InterceptorManager.java:859)
	at com.sun.ejb.containers.interceptors.AroundInvokeChainImpl.invokeNext(InterceptorManager.java:799)
	at com.sun.ejb.EjbInvocation.proceed(EjbInvocation.java:584)
	at com.sun.ejb.containers.interceptors.SystemInterceptorProxy.doCall(SystemInterceptorProxy.java:139)
	at com.sun.ejb.containers.interceptors.SystemInterceptorProxy.aroundInvoke(SystemInterceptorProxy.java:116)
	at sun.reflect.NativeMethodAccessorImpl.invoke0(Native Method)
	at sun.reflect.NativeMethodAccessorImpl.invoke(NativeMethodAccessorImpl.java:62)
	at sun.reflect.DelegatingMethodAccessorImpl.invoke(DelegatingMethodAccessorImpl.java:43)
	at java.lang.reflect.Method.invoke(Method.java:498)
	at com.sun.ejb.containers.interceptors.AroundInvokeInterceptor.intercept(InterceptorManager.java:859)
	at com.sun.ejb.containers.interceptors.AroundInvokeChainImpl.invokeNext(InterceptorManager.java:799)
	at com.sun.ejb.containers.interceptors.InterceptorManager.intercept(InterceptorManager.java:345)
	at com.sun.ejb.containers.BaseContainer.__intercept(BaseContainer.java:4768)
	at com.sun.ejb.containers.BaseContainer.intercept(BaseContainer.java:4756)
	at com.sun.ejb.containers.EJBLocalObjectInvocationHandler.invoke(EJBLocalObjectInvocationHandler.java:188)
	... 47 more

</system-err>
  </testcase>
  <testcase classname="es.uma.informatica.sii.ejb.practica.Trazabilidad" name="testObtenerLotesProductoNoEncontrado" time="0.109"/>
  <testcase classname="es.uma.informatica.sii.ejb.practica.Trazabilidad" name="testActualizarLoteIngredientesIncorrectos" time="0.219">
    <error type="javax.ejb.EJBException">javax.ejb.EJBException
	at com.sun.ejb.containers.EJBContainerTransactionManager.processSystemException(EJBContainerTransactionManager.java:728)
	at com.sun.ejb.containers.EJBContainerTransactionManager.completeNewTx(EJBContainerTransactionManager.java:678)
	at com.sun.ejb.containers.EJBContainerTransactionManager.postInvokeTx(EJBContainerTransactionManager.java:483)
	at com.sun.ejb.containers.BaseContainer.postInvokeTx(BaseContainer.java:4576)
	at com.sun.ejb.containers.BaseContainer.postInvoke(BaseContainer.java:2084)
	at com.sun.ejb.containers.BaseContainer.postInvoke(BaseContainer.java:2054)
	at com.sun.ejb.containers.EJBLocalObjectInvocationHandler.invoke(EJBLocalObjectInvocationHandler.java:196)
	at com.sun.ejb.containers.EJBLocalObjectInvocationHandlerDelegate.invoke(EJBLocalObjectInvocationHandlerDelegate.java:64)
	at com.sun.proxy.$Proxy169.actualizarLote(Unknown Source)
	at es.uma.informatica.sii.ejb.practica.Trazabilidad.testActualizarLoteIngredientesIncorrectos(Trazabilidad.java:312)
	at sun.reflect.NativeMethodAccessorImpl.invoke0(Native Method)
	at sun.reflect.NativeMethodAccessorImpl.invoke(NativeMethodAccessorImpl.java:62)
	at sun.reflect.DelegatingMethodAccessorImpl.invoke(DelegatingMethodAccessorImpl.java:43)
	at java.lang.reflect.Method.invoke(Method.java:498)
	at org.junit.runners.model.FrameworkMethod$1.runReflectiveCall(FrameworkMethod.java:59)
	at org.junit.internal.runners.model.ReflectiveCallable.run(ReflectiveCallable.java:12)
	at org.junit.runners.model.FrameworkMethod.invokeExplosively(FrameworkMethod.java:56)
	at org.junit.internal.runners.statements.InvokeMethod.evaluate(InvokeMethod.java:17)
	at org.junit.internal.runners.statements.RunBefores.evaluate(RunBefores.java:26)
	at org.junit.runners.ParentRunner$3.evaluate(ParentRunner.java:306)
	at org.junit.runners.BlockJUnit4ClassRunner$1.evaluate(BlockJUnit4ClassRunner.java:100)
	at org.junit.runners.ParentRunner.runLeaf(ParentRunner.java:366)
	at org.junit.runners.BlockJUnit4ClassRunner.runChild(BlockJUnit4ClassRunner.java:103)
	at org.junit.runners.BlockJUnit4ClassRunner.runChild(BlockJUnit4ClassRunner.java:63)
	at org.junit.runners.ParentRunner$4.run(ParentRunner.java:331)
	at org.junit.runners.ParentRunner$1.schedule(ParentRunner.java:79)
	at org.junit.runners.ParentRunner.runChildren(ParentRunner.java:329)
	at org.junit.runners.ParentRunner.access$100(ParentRunner.java:66)
	at org.junit.runners.ParentRunner$2.evaluate(ParentRunner.java:293)
	at org.junit.runners.ParentRunner$3.evaluate(ParentRunner.java:306)
	at org.junit.runners.ParentRunner.run(ParentRunner.java:413)
	at org.junit.runners.Suite.runChild(Suite.java:128)
	at org.junit.runners.Suite.runChild(Suite.java:27)
	at org.junit.runners.ParentRunner$4.run(ParentRunner.java:331)
	at org.junit.runners.ParentRunner$1.schedule(ParentRunner.java:79)
	at org.junit.runners.ParentRunner.runChildren(ParentRunner.java:329)
	at org.junit.runners.ParentRunner.access$100(ParentRunner.java:66)
	at org.junit.runners.ParentRunner$2.evaluate(ParentRunner.java:293)
	at org.junit.internal.runners.statements.RunBefores.evaluate(RunBefores.java:26)
	at org.junit.internal.runners.statements.RunAfters.evaluate(RunAfters.java:27)
	at org.junit.runners.ParentRunner$3.evaluate(ParentRunner.java:306)
	at org.junit.runners.ParentRunner.run(ParentRunner.java:413)
	at org.apache.maven.surefire.junit4.JUnit4Provider.execute(JUnit4Provider.java:252)
	at org.apache.maven.surefire.junit4.JUnit4Provider.executeTestSet(JUnit4Provider.java:141)
	at org.apache.maven.surefire.junit4.JUnit4Provider.invoke(JUnit4Provider.java:112)
	at sun.reflect.NativeMethodAccessorImpl.invoke0(Native Method)
	at sun.reflect.NativeMethodAccessorImpl.invoke(NativeMethodAccessorImpl.java:62)
	at sun.reflect.DelegatingMethodAccessorImpl.invoke(DelegatingMethodAccessorImpl.java:43)
	at java.lang.reflect.Method.invoke(Method.java:498)
	at org.apache.maven.surefire.util.ReflectionUtils.invokeMethodWithArray(ReflectionUtils.java:189)
	at org.apache.maven.surefire.booter.ProviderFactory$ProviderProxy.invoke(ProviderFactory.java:165)
	at org.apache.maven.surefire.booter.ProviderFactory.invokeProvider(ProviderFactory.java:85)
	at org.apache.maven.surefire.booter.ForkedBooter.runSuitesInProcess(ForkedBooter.java:115)
	at org.apache.maven.surefire.booter.ForkedBooter.main(ForkedBooter.java:75)
Caused by: java.lang.IllegalArgumentException: You have provided an instance of an incorrect PK class for this find operation.  Class expected : class es.uma.informatica.sii.ejb.practica.entidades.Lote$LoteId, Class received : class java.lang.String.
	at org.eclipse.persistence.internal.jpa.EntityManagerImpl.findInternal(EntityManagerImpl.java:901)
	at org.eclipse.persistence.internal.jpa.EntityManagerImpl.find(EntityManagerImpl.java:825)
	at org.eclipse.persistence.internal.jpa.EntityManagerImpl.find(EntityManagerImpl.java:691)
	at com.sun.enterprise.container.common.impl.EntityManagerWrapper.find(EntityManagerWrapper.java:318)
	at es.uma.informatica.sii.ejb.practica.ejb.LotesEJB.actualizarLote(LotesEJB.java:68)
	at sun.reflect.NativeMethodAccessorImpl.invoke0(Native Method)
	at sun.reflect.NativeMethodAccessorImpl.invoke(NativeMethodAccessorImpl.java:62)
	at sun.reflect.DelegatingMethodAccessorImpl.invoke(DelegatingMethodAccessorImpl.java:43)
	at java.lang.reflect.Method.invoke(Method.java:498)
	at org.glassfish.ejb.security.application.EJBSecurityManager.runMethod(EJBSecurityManager.java:1057)
	at org.glassfish.ejb.security.application.EJBSecurityManager.invoke(EJBSecurityManager.java:1129)
	at com.sun.ejb.containers.BaseContainer.invokeBeanMethod(BaseContainer.java:4796)
	at com.sun.ejb.EjbInvocation.invokeBeanMethod(EjbInvocation.java:632)
	at com.sun.ejb.containers.interceptors.AroundInvokeChainImpl.invokeNext(InterceptorManager.java:800)
	at com.sun.ejb.EjbInvocation.proceed(EjbInvocation.java:584)
	at org.jboss.weld.module.ejb.AbstractEJBRequestScopeActivationInterceptor.aroundInvoke(AbstractEJBRequestScopeActivationInterceptor.java:81)
	at org.jboss.weld.module.ejb.SessionBeanInterceptor.aroundInvoke(SessionBeanInterceptor.java:52)
	at sun.reflect.GeneratedMethodAccessor25.invoke(Unknown Source)
	at sun.reflect.DelegatingMethodAccessorImpl.invoke(DelegatingMethodAccessorImpl.java:43)
	at java.lang.reflect.Method.invoke(Method.java:498)
	at com.sun.ejb.containers.interceptors.AroundInvokeInterceptor.intercept(InterceptorManager.java:859)
	at com.sun.ejb.containers.interceptors.AroundInvokeChainImpl.invokeNext(InterceptorManager.java:799)
	at com.sun.ejb.EjbInvocation.proceed(EjbInvocation.java:584)
	at com.sun.ejb.containers.interceptors.SystemInterceptorProxy.doCall(SystemInterceptorProxy.java:139)
	at com.sun.ejb.containers.interceptors.SystemInterceptorProxy.aroundInvoke(SystemInterceptorProxy.java:116)
	at sun.reflect.NativeMethodAccessorImpl.invoke0(Native Method)
	at sun.reflect.NativeMethodAccessorImpl.invoke(NativeMethodAccessorImpl.java:62)
	at sun.reflect.DelegatingMethodAccessorImpl.invoke(DelegatingMethodAccessorImpl.java:43)
	at java.lang.reflect.Method.invoke(Method.java:498)
	at com.sun.ejb.containers.interceptors.AroundInvokeInterceptor.intercept(InterceptorManager.java:859)
	at com.sun.ejb.containers.interceptors.AroundInvokeChainImpl.invokeNext(InterceptorManager.java:799)
	at com.sun.ejb.containers.interceptors.InterceptorManager.intercept(InterceptorManager.java:345)
	at com.sun.ejb.containers.BaseContainer.__intercept(BaseContainer.java:4768)
	at com.sun.ejb.containers.BaseContainer.intercept(BaseContainer.java:4756)
	at com.sun.ejb.containers.EJBLocalObjectInvocationHandler.invoke(EJBLocalObjectInvocationHandler.java:188)
	... 47 more
</error>
    <system-out>[EL Info]: 2022-04-07 10:28:34.096--ServerSession(1532750524)--EclipseLink, version: Eclipse Persistence Services - 2.7.4.v20190115-ad5b7c6b2a
[EL Info]: connection: 2022-04-07 10:28:34.111--ServerSession(1532750524)--/file:/C:/Users/alumno/Downloads/trazabilidad-ejb/trazabilidad-ejb/target/test-classes/_TrazabilidadTest login successful
[EL Info]: connection: 2022-04-07 10:28:34.236--ServerSession(1532750524)--/file:/C:/Users/alumno/Downloads/trazabilidad-ejb/trazabilidad-ejb/target/test-classes/_TrazabilidadTest logout successful
</system-out>
    <system-err>abr 07, 2022 10:28:34 AM com.sun.ejb.containers.BaseContainer postInvoke
ADVERTENCIA: A system exception occurred during an invocation on EJB LotesEJB, method: public void es.uma.informatica.sii.ejb.practica.ejb.LotesEJB.actualizarLote(java.lang.String,es.uma.informatica.sii.ejb.practica.entidades.Lote) throws es.uma.informatica.sii.ejb.practica.ejb.exceptions.ProductoNoEncontradoException,es.uma.informatica.sii.ejb.practica.ejb.exceptions.LoteNoEncontradoException,es.uma.informatica.sii.ejb.practica.ejb.exceptions.IngredientesIncorrectosException
abr 07, 2022 10:28:34 AM com.sun.ejb.containers.BaseContainer postInvoke
ADVERTENCIA: 
javax.ejb.EJBException
	at com.sun.ejb.containers.EJBContainerTransactionManager.processSystemException(EJBContainerTransactionManager.java:728)
	at com.sun.ejb.containers.EJBContainerTransactionManager.completeNewTx(EJBContainerTransactionManager.java:678)
	at com.sun.ejb.containers.EJBContainerTransactionManager.postInvokeTx(EJBContainerTransactionManager.java:483)
	at com.sun.ejb.containers.BaseContainer.postInvokeTx(BaseContainer.java:4576)
	at com.sun.ejb.containers.BaseContainer.postInvoke(BaseContainer.java:2084)
	at com.sun.ejb.containers.BaseContainer.postInvoke(BaseContainer.java:2054)
	at com.sun.ejb.containers.EJBLocalObjectInvocationHandler.invoke(EJBLocalObjectInvocationHandler.java:196)
	at com.sun.ejb.containers.EJBLocalObjectInvocationHandlerDelegate.invoke(EJBLocalObjectInvocationHandlerDelegate.java:64)
	at com.sun.proxy.$Proxy169.actualizarLote(Unknown Source)
	at es.uma.informatica.sii.ejb.practica.Trazabilidad.testActualizarLoteIngredientesIncorrectos(Trazabilidad.java:312)
	at sun.reflect.NativeMethodAccessorImpl.invoke0(Native Method)
	at sun.reflect.NativeMethodAccessorImpl.invoke(NativeMethodAccessorImpl.java:62)
	at sun.reflect.DelegatingMethodAccessorImpl.invoke(DelegatingMethodAccessorImpl.java:43)
	at java.lang.reflect.Method.invoke(Method.java:498)
	at org.junit.runners.model.FrameworkMethod$1.runReflectiveCall(FrameworkMethod.java:59)
	at org.junit.internal.runners.model.ReflectiveCallable.run(ReflectiveCallable.java:12)
	at org.junit.runners.model.FrameworkMethod.invokeExplosively(FrameworkMethod.java:56)
	at org.junit.internal.runners.statements.InvokeMethod.evaluate(InvokeMethod.java:17)
	at org.junit.internal.runners.statements.RunBefores.evaluate(RunBefores.java:26)
	at org.junit.runners.ParentRunner$3.evaluate(ParentRunner.java:306)
	at org.junit.runners.BlockJUnit4ClassRunner$1.evaluate(BlockJUnit4ClassRunner.java:100)
	at org.junit.runners.ParentRunner.runLeaf(ParentRunner.java:366)
	at org.junit.runners.BlockJUnit4ClassRunner.runChild(BlockJUnit4ClassRunner.java:103)
	at org.junit.runners.BlockJUnit4ClassRunner.runChild(BlockJUnit4ClassRunner.java:63)
	at org.junit.runners.ParentRunner$4.run(ParentRunner.java:331)
	at org.junit.runners.ParentRunner$1.schedule(ParentRunner.java:79)
	at org.junit.runners.ParentRunner.runChildren(ParentRunner.java:329)
	at org.junit.runners.ParentRunner.access$100(ParentRunner.java:66)
	at org.junit.runners.ParentRunner$2.evaluate(ParentRunner.java:293)
	at org.junit.runners.ParentRunner$3.evaluate(ParentRunner.java:306)
	at org.junit.runners.ParentRunner.run(ParentRunner.java:413)
	at org.junit.runners.Suite.runChild(Suite.java:128)
	at org.junit.runners.Suite.runChild(Suite.java:27)
	at org.junit.runners.ParentRunner$4.run(ParentRunner.java:331)
	at org.junit.runners.ParentRunner$1.schedule(ParentRunner.java:79)
	at org.junit.runners.ParentRunner.runChildren(ParentRunner.java:329)
	at org.junit.runners.ParentRunner.access$100(ParentRunner.java:66)
	at org.junit.runners.ParentRunner$2.evaluate(ParentRunner.java:293)
	at org.junit.internal.runners.statements.RunBefores.evaluate(RunBefores.java:26)
	at org.junit.internal.runners.statements.RunAfters.evaluate(RunAfters.java:27)
	at org.junit.runners.ParentRunner$3.evaluate(ParentRunner.java:306)
	at org.junit.runners.ParentRunner.run(ParentRunner.java:413)
	at org.apache.maven.surefire.junit4.JUnit4Provider.execute(JUnit4Provider.java:252)
	at org.apache.maven.surefire.junit4.JUnit4Provider.executeTestSet(JUnit4Provider.java:141)
	at org.apache.maven.surefire.junit4.JUnit4Provider.invoke(JUnit4Provider.java:112)
	at sun.reflect.NativeMethodAccessorImpl.invoke0(Native Method)
	at sun.reflect.NativeMethodAccessorImpl.invoke(NativeMethodAccessorImpl.java:62)
	at sun.reflect.DelegatingMethodAccessorImpl.invoke(DelegatingMethodAccessorImpl.java:43)
	at java.lang.reflect.Method.invoke(Method.java:498)
	at org.apache.maven.surefire.util.ReflectionUtils.invokeMethodWithArray(ReflectionUtils.java:189)
	at org.apache.maven.surefire.booter.ProviderFactory$ProviderProxy.invoke(ProviderFactory.java:165)
	at org.apache.maven.surefire.booter.ProviderFactory.invokeProvider(ProviderFactory.java:85)
	at org.apache.maven.surefire.booter.ForkedBooter.runSuitesInProcess(ForkedBooter.java:115)
	at org.apache.maven.surefire.booter.ForkedBooter.main(ForkedBooter.java:75)
Caused by: java.lang.IllegalArgumentException: You have provided an instance of an incorrect PK class for this find operation.  Class expected : class es.uma.informatica.sii.ejb.practica.entidades.Lote$LoteId, Class received : class java.lang.String.
	at org.eclipse.persistence.internal.jpa.EntityManagerImpl.findInternal(EntityManagerImpl.java:901)
	at org.eclipse.persistence.internal.jpa.EntityManagerImpl.find(EntityManagerImpl.java:825)
	at org.eclipse.persistence.internal.jpa.EntityManagerImpl.find(EntityManagerImpl.java:691)
	at com.sun.enterprise.container.common.impl.EntityManagerWrapper.find(EntityManagerWrapper.java:318)
	at es.uma.informatica.sii.ejb.practica.ejb.LotesEJB.actualizarLote(LotesEJB.java:68)
	at sun.reflect.NativeMethodAccessorImpl.invoke0(Native Method)
	at sun.reflect.NativeMethodAccessorImpl.invoke(NativeMethodAccessorImpl.java:62)
	at sun.reflect.DelegatingMethodAccessorImpl.invoke(DelegatingMethodAccessorImpl.java:43)
	at java.lang.reflect.Method.invoke(Method.java:498)
	at org.glassfish.ejb.security.application.EJBSecurityManager.runMethod(EJBSecurityManager.java:1057)
	at org.glassfish.ejb.security.application.EJBSecurityManager.invoke(EJBSecurityManager.java:1129)
	at com.sun.ejb.containers.BaseContainer.invokeBeanMethod(BaseContainer.java:4796)
	at com.sun.ejb.EjbInvocation.invokeBeanMethod(EjbInvocation.java:632)
	at com.sun.ejb.containers.interceptors.AroundInvokeChainImpl.invokeNext(InterceptorManager.java:800)
	at com.sun.ejb.EjbInvocation.proceed(EjbInvocation.java:584)
	at org.jboss.weld.module.ejb.AbstractEJBRequestScopeActivationInterceptor.aroundInvoke(AbstractEJBRequestScopeActivationInterceptor.java:81)
	at org.jboss.weld.module.ejb.SessionBeanInterceptor.aroundInvoke(SessionBeanInterceptor.java:52)
	at sun.reflect.GeneratedMethodAccessor25.invoke(Unknown Source)
	at sun.reflect.DelegatingMethodAccessorImpl.invoke(DelegatingMethodAccessorImpl.java:43)
	at java.lang.reflect.Method.invoke(Method.java:498)
	at com.sun.ejb.containers.interceptors.AroundInvokeInterceptor.intercept(InterceptorManager.java:859)
	at com.sun.ejb.containers.interceptors.AroundInvokeChainImpl.invokeNext(InterceptorManager.java:799)
	at com.sun.ejb.EjbInvocation.proceed(EjbInvocation.java:584)
	at com.sun.ejb.containers.interceptors.SystemInterceptorProxy.doCall(SystemInterceptorProxy.java:139)
	at com.sun.ejb.containers.interceptors.SystemInterceptorProxy.aroundInvoke(SystemInterceptorProxy.java:116)
	at sun.reflect.NativeMethodAccessorImpl.invoke0(Native Method)
	at sun.reflect.NativeMethodAccessorImpl.invoke(NativeMethodAccessorImpl.java:62)
	at sun.reflect.DelegatingMethodAccessorImpl.invoke(DelegatingMethodAccessorImpl.java:43)
	at java.lang.reflect.Method.invoke(Method.java:498)
	at com.sun.ejb.containers.interceptors.AroundInvokeInterceptor.intercept(InterceptorManager.java:859)
	at com.sun.ejb.containers.interceptors.AroundInvokeChainImpl.invokeNext(InterceptorManager.java:799)
	at com.sun.ejb.containers.interceptors.InterceptorManager.intercept(InterceptorManager.java:345)
	at com.sun.ejb.containers.BaseContainer.__intercept(BaseContainer.java:4768)
	at com.sun.ejb.containers.BaseContainer.intercept(BaseContainer.java:4756)
	at com.sun.ejb.containers.EJBLocalObjectInvocationHandler.invoke(EJBLocalObjectInvocationHandler.java:188)
	... 47 more

</system-err>
  </testcase>
  <testcase classname="es.uma.informatica.sii.ejb.practica.Trazabilidad" name="testActualizarLoteoNoEncontrado" time="0.234">
    <error type="javax.ejb.EJBException">javax.ejb.EJBException
	at com.sun.ejb.containers.EJBContainerTransactionManager.processSystemException(EJBContainerTransactionManager.java:728)
	at com.sun.ejb.containers.EJBContainerTransactionManager.completeNewTx(EJBContainerTransactionManager.java:678)
	at com.sun.ejb.containers.EJBContainerTransactionManager.postInvokeTx(EJBContainerTransactionManager.java:483)
	at com.sun.ejb.containers.BaseContainer.postInvokeTx(BaseContainer.java:4576)
	at com.sun.ejb.containers.BaseContainer.postInvoke(BaseContainer.java:2084)
	at com.sun.ejb.containers.BaseContainer.postInvoke(BaseContainer.java:2054)
	at com.sun.ejb.containers.EJBLocalObjectInvocationHandler.invoke(EJBLocalObjectInvocationHandler.java:196)
	at com.sun.ejb.containers.EJBLocalObjectInvocationHandlerDelegate.invoke(EJBLocalObjectInvocationHandlerDelegate.java:64)
	at com.sun.proxy.$Proxy169.actualizarLote(Unknown Source)
	at es.uma.informatica.sii.ejb.practica.Trazabilidad.testActualizarLoteoNoEncontrado(Trazabilidad.java:287)
	at sun.reflect.NativeMethodAccessorImpl.invoke0(Native Method)
	at sun.reflect.NativeMethodAccessorImpl.invoke(NativeMethodAccessorImpl.java:62)
	at sun.reflect.DelegatingMethodAccessorImpl.invoke(DelegatingMethodAccessorImpl.java:43)
	at java.lang.reflect.Method.invoke(Method.java:498)
	at org.junit.runners.model.FrameworkMethod$1.runReflectiveCall(FrameworkMethod.java:59)
	at org.junit.internal.runners.model.ReflectiveCallable.run(ReflectiveCallable.java:12)
	at org.junit.runners.model.FrameworkMethod.invokeExplosively(FrameworkMethod.java:56)
	at org.junit.internal.runners.statements.InvokeMethod.evaluate(InvokeMethod.java:17)
	at org.junit.internal.runners.statements.RunBefores.evaluate(RunBefores.java:26)
	at org.junit.runners.ParentRunner$3.evaluate(ParentRunner.java:306)
	at org.junit.runners.BlockJUnit4ClassRunner$1.evaluate(BlockJUnit4ClassRunner.java:100)
	at org.junit.runners.ParentRunner.runLeaf(ParentRunner.java:366)
	at org.junit.runners.BlockJUnit4ClassRunner.runChild(BlockJUnit4ClassRunner.java:103)
	at org.junit.runners.BlockJUnit4ClassRunner.runChild(BlockJUnit4ClassRunner.java:63)
	at org.junit.runners.ParentRunner$4.run(ParentRunner.java:331)
	at org.junit.runners.ParentRunner$1.schedule(ParentRunner.java:79)
	at org.junit.runners.ParentRunner.runChildren(ParentRunner.java:329)
	at org.junit.runners.ParentRunner.access$100(ParentRunner.java:66)
	at org.junit.runners.ParentRunner$2.evaluate(ParentRunner.java:293)
	at org.junit.runners.ParentRunner$3.evaluate(ParentRunner.java:306)
	at org.junit.runners.ParentRunner.run(ParentRunner.java:413)
	at org.junit.runners.Suite.runChild(Suite.java:128)
	at org.junit.runners.Suite.runChild(Suite.java:27)
	at org.junit.runners.ParentRunner$4.run(ParentRunner.java:331)
	at org.junit.runners.ParentRunner$1.schedule(ParentRunner.java:79)
	at org.junit.runners.ParentRunner.runChildren(ParentRunner.java:329)
	at org.junit.runners.ParentRunner.access$100(ParentRunner.java:66)
	at org.junit.runners.ParentRunner$2.evaluate(ParentRunner.java:293)
	at org.junit.internal.runners.statements.RunBefores.evaluate(RunBefores.java:26)
	at org.junit.internal.runners.statements.RunAfters.evaluate(RunAfters.java:27)
	at org.junit.runners.ParentRunner$3.evaluate(ParentRunner.java:306)
	at org.junit.runners.ParentRunner.run(ParentRunner.java:413)
	at org.apache.maven.surefire.junit4.JUnit4Provider.execute(JUnit4Provider.java:252)
	at org.apache.maven.surefire.junit4.JUnit4Provider.executeTestSet(JUnit4Provider.java:141)
	at org.apache.maven.surefire.junit4.JUnit4Provider.invoke(JUnit4Provider.java:112)
	at sun.reflect.NativeMethodAccessorImpl.invoke0(Native Method)
	at sun.reflect.NativeMethodAccessorImpl.invoke(NativeMethodAccessorImpl.java:62)
	at sun.reflect.DelegatingMethodAccessorImpl.invoke(DelegatingMethodAccessorImpl.java:43)
	at java.lang.reflect.Method.invoke(Method.java:498)
	at org.apache.maven.surefire.util.ReflectionUtils.invokeMethodWithArray(ReflectionUtils.java:189)
	at org.apache.maven.surefire.booter.ProviderFactory$ProviderProxy.invoke(ProviderFactory.java:165)
	at org.apache.maven.surefire.booter.ProviderFactory.invokeProvider(ProviderFactory.java:85)
	at org.apache.maven.surefire.booter.ForkedBooter.runSuitesInProcess(ForkedBooter.java:115)
	at org.apache.maven.surefire.booter.ForkedBooter.main(ForkedBooter.java:75)
Caused by: java.lang.IllegalArgumentException: You have provided an instance of an incorrect PK class for this find operation.  Class expected : class es.uma.informatica.sii.ejb.practica.entidades.Lote$LoteId, Class received : class java.lang.String.
	at org.eclipse.persistence.internal.jpa.EntityManagerImpl.findInternal(EntityManagerImpl.java:901)
	at org.eclipse.persistence.internal.jpa.EntityManagerImpl.find(EntityManagerImpl.java:825)
	at org.eclipse.persistence.internal.jpa.EntityManagerImpl.find(EntityManagerImpl.java:691)
	at com.sun.enterprise.container.common.impl.EntityManagerWrapper.find(EntityManagerWrapper.java:318)
	at es.uma.informatica.sii.ejb.practica.ejb.LotesEJB.actualizarLote(LotesEJB.java:68)
	at sun.reflect.NativeMethodAccessorImpl.invoke0(Native Method)
	at sun.reflect.NativeMethodAccessorImpl.invoke(NativeMethodAccessorImpl.java:62)
	at sun.reflect.DelegatingMethodAccessorImpl.invoke(DelegatingMethodAccessorImpl.java:43)
	at java.lang.reflect.Method.invoke(Method.java:498)
	at org.glassfish.ejb.security.application.EJBSecurityManager.runMethod(EJBSecurityManager.java:1057)
	at org.glassfish.ejb.security.application.EJBSecurityManager.invoke(EJBSecurityManager.java:1129)
	at com.sun.ejb.containers.BaseContainer.invokeBeanMethod(BaseContainer.java:4796)
	at com.sun.ejb.EjbInvocation.invokeBeanMethod(EjbInvocation.java:632)
	at com.sun.ejb.containers.interceptors.AroundInvokeChainImpl.invokeNext(InterceptorManager.java:800)
	at com.sun.ejb.EjbInvocation.proceed(EjbInvocation.java:584)
	at org.jboss.weld.module.ejb.AbstractEJBRequestScopeActivationInterceptor.aroundInvoke(AbstractEJBRequestScopeActivationInterceptor.java:81)
	at org.jboss.weld.module.ejb.SessionBeanInterceptor.aroundInvoke(SessionBeanInterceptor.java:52)
	at sun.reflect.GeneratedMethodAccessor25.invoke(Unknown Source)
	at sun.reflect.DelegatingMethodAccessorImpl.invoke(DelegatingMethodAccessorImpl.java:43)
	at java.lang.reflect.Method.invoke(Method.java:498)
	at com.sun.ejb.containers.interceptors.AroundInvokeInterceptor.intercept(InterceptorManager.java:859)
	at com.sun.ejb.containers.interceptors.AroundInvokeChainImpl.invokeNext(InterceptorManager.java:799)
	at com.sun.ejb.EjbInvocation.proceed(EjbInvocation.java:584)
	at com.sun.ejb.containers.interceptors.SystemInterceptorProxy.doCall(SystemInterceptorProxy.java:139)
	at com.sun.ejb.containers.interceptors.SystemInterceptorProxy.aroundInvoke(SystemInterceptorProxy.java:116)
	at sun.reflect.NativeMethodAccessorImpl.invoke0(Native Method)
	at sun.reflect.NativeMethodAccessorImpl.invoke(NativeMethodAccessorImpl.java:62)
	at sun.reflect.DelegatingMethodAccessorImpl.invoke(DelegatingMethodAccessorImpl.java:43)
	at java.lang.reflect.Method.invoke(Method.java:498)
	at com.sun.ejb.containers.interceptors.AroundInvokeInterceptor.intercept(InterceptorManager.java:859)
	at com.sun.ejb.containers.interceptors.AroundInvokeChainImpl.invokeNext(InterceptorManager.java:799)
	at com.sun.ejb.containers.interceptors.InterceptorManager.intercept(InterceptorManager.java:345)
	at com.sun.ejb.containers.BaseContainer.__intercept(BaseContainer.java:4768)
	at com.sun.ejb.containers.BaseContainer.intercept(BaseContainer.java:4756)
	at com.sun.ejb.containers.EJBLocalObjectInvocationHandler.invoke(EJBLocalObjectInvocationHandler.java:188)
	... 47 more
</error>
    <system-out>[EL Info]: 2022-04-07 10:28:34.315--ServerSession(444285857)--EclipseLink, version: Eclipse Persistence Services - 2.7.4.v20190115-ad5b7c6b2a
[EL Info]: connection: 2022-04-07 10:28:34.315--ServerSession(444285857)--/file:/C:/Users/alumno/Downloads/trazabilidad-ejb/trazabilidad-ejb/target/test-classes/_TrazabilidadTest login successful
[EL Info]: connection: 2022-04-07 10:28:34.455--ServerSession(444285857)--/file:/C:/Users/alumno/Downloads/trazabilidad-ejb/trazabilidad-ejb/target/test-classes/_TrazabilidadTest logout successful
</system-out>
    <system-err>abr 07, 2022 10:28:34 AM com.sun.ejb.containers.BaseContainer postInvoke
ADVERTENCIA: A system exception occurred during an invocation on EJB LotesEJB, method: public void es.uma.informatica.sii.ejb.practica.ejb.LotesEJB.actualizarLote(java.lang.String,es.uma.informatica.sii.ejb.practica.entidades.Lote) throws es.uma.informatica.sii.ejb.practica.ejb.exceptions.ProductoNoEncontradoException,es.uma.informatica.sii.ejb.practica.ejb.exceptions.LoteNoEncontradoException,es.uma.informatica.sii.ejb.practica.ejb.exceptions.IngredientesIncorrectosException
abr 07, 2022 10:28:34 AM com.sun.ejb.containers.BaseContainer postInvoke
ADVERTENCIA: 
javax.ejb.EJBException
	at com.sun.ejb.containers.EJBContainerTransactionManager.processSystemException(EJBContainerTransactionManager.java:728)
	at com.sun.ejb.containers.EJBContainerTransactionManager.completeNewTx(EJBContainerTransactionManager.java:678)
	at com.sun.ejb.containers.EJBContainerTransactionManager.postInvokeTx(EJBContainerTransactionManager.java:483)
	at com.sun.ejb.containers.BaseContainer.postInvokeTx(BaseContainer.java:4576)
	at com.sun.ejb.containers.BaseContainer.postInvoke(BaseContainer.java:2084)
	at com.sun.ejb.containers.BaseContainer.postInvoke(BaseContainer.java:2054)
	at com.sun.ejb.containers.EJBLocalObjectInvocationHandler.invoke(EJBLocalObjectInvocationHandler.java:196)
	at com.sun.ejb.containers.EJBLocalObjectInvocationHandlerDelegate.invoke(EJBLocalObjectInvocationHandlerDelegate.java:64)
	at com.sun.proxy.$Proxy169.actualizarLote(Unknown Source)
	at es.uma.informatica.sii.ejb.practica.Trazabilidad.testActualizarLoteoNoEncontrado(Trazabilidad.java:287)
	at sun.reflect.NativeMethodAccessorImpl.invoke0(Native Method)
	at sun.reflect.NativeMethodAccessorImpl.invoke(NativeMethodAccessorImpl.java:62)
	at sun.reflect.DelegatingMethodAccessorImpl.invoke(DelegatingMethodAccessorImpl.java:43)
	at java.lang.reflect.Method.invoke(Method.java:498)
	at org.junit.runners.model.FrameworkMethod$1.runReflectiveCall(FrameworkMethod.java:59)
	at org.junit.internal.runners.model.ReflectiveCallable.run(ReflectiveCallable.java:12)
	at org.junit.runners.model.FrameworkMethod.invokeExplosively(FrameworkMethod.java:56)
	at org.junit.internal.runners.statements.InvokeMethod.evaluate(InvokeMethod.java:17)
	at org.junit.internal.runners.statements.RunBefores.evaluate(RunBefores.java:26)
	at org.junit.runners.ParentRunner$3.evaluate(ParentRunner.java:306)
	at org.junit.runners.BlockJUnit4ClassRunner$1.evaluate(BlockJUnit4ClassRunner.java:100)
	at org.junit.runners.ParentRunner.runLeaf(ParentRunner.java:366)
	at org.junit.runners.BlockJUnit4ClassRunner.runChild(BlockJUnit4ClassRunner.java:103)
	at org.junit.runners.BlockJUnit4ClassRunner.runChild(BlockJUnit4ClassRunner.java:63)
	at org.junit.runners.ParentRunner$4.run(ParentRunner.java:331)
	at org.junit.runners.ParentRunner$1.schedule(ParentRunner.java:79)
	at org.junit.runners.ParentRunner.runChildren(ParentRunner.java:329)
	at org.junit.runners.ParentRunner.access$100(ParentRunner.java:66)
	at org.junit.runners.ParentRunner$2.evaluate(ParentRunner.java:293)
	at org.junit.runners.ParentRunner$3.evaluate(ParentRunner.java:306)
	at org.junit.runners.ParentRunner.run(ParentRunner.java:413)
	at org.junit.runners.Suite.runChild(Suite.java:128)
	at org.junit.runners.Suite.runChild(Suite.java:27)
	at org.junit.runners.ParentRunner$4.run(ParentRunner.java:331)
	at org.junit.runners.ParentRunner$1.schedule(ParentRunner.java:79)
	at org.junit.runners.ParentRunner.runChildren(ParentRunner.java:329)
	at org.junit.runners.ParentRunner.access$100(ParentRunner.java:66)
	at org.junit.runners.ParentRunner$2.evaluate(ParentRunner.java:293)
	at org.junit.internal.runners.statements.RunBefores.evaluate(RunBefores.java:26)
	at org.junit.internal.runners.statements.RunAfters.evaluate(RunAfters.java:27)
	at org.junit.runners.ParentRunner$3.evaluate(ParentRunner.java:306)
	at org.junit.runners.ParentRunner.run(ParentRunner.java:413)
	at org.apache.maven.surefire.junit4.JUnit4Provider.execute(JUnit4Provider.java:252)
	at org.apache.maven.surefire.junit4.JUnit4Provider.executeTestSet(JUnit4Provider.java:141)
	at org.apache.maven.surefire.junit4.JUnit4Provider.invoke(JUnit4Provider.java:112)
	at sun.reflect.NativeMethodAccessorImpl.invoke0(Native Method)
	at sun.reflect.NativeMethodAccessorImpl.invoke(NativeMethodAccessorImpl.java:62)
	at sun.reflect.DelegatingMethodAccessorImpl.invoke(DelegatingMethodAccessorImpl.java:43)
	at java.lang.reflect.Method.invoke(Method.java:498)
	at org.apache.maven.surefire.util.ReflectionUtils.invokeMethodWithArray(ReflectionUtils.java:189)
	at org.apache.maven.surefire.booter.ProviderFactory$ProviderProxy.invoke(ProviderFactory.java:165)
	at org.apache.maven.surefire.booter.ProviderFactory.invokeProvider(ProviderFactory.java:85)
	at org.apache.maven.surefire.booter.ForkedBooter.runSuitesInProcess(ForkedBooter.java:115)
	at org.apache.maven.surefire.booter.ForkedBooter.main(ForkedBooter.java:75)
Caused by: java.lang.IllegalArgumentException: You have provided an instance of an incorrect PK class for this find operation.  Class expected : class es.uma.informatica.sii.ejb.practica.entidades.Lote$LoteId, Class received : class java.lang.String.
	at org.eclipse.persistence.internal.jpa.EntityManagerImpl.findInternal(EntityManagerImpl.java:901)
	at org.eclipse.persistence.internal.jpa.EntityManagerImpl.find(EntityManagerImpl.java:825)
	at org.eclipse.persistence.internal.jpa.EntityManagerImpl.find(EntityManagerImpl.java:691)
	at com.sun.enterprise.container.common.impl.EntityManagerWrapper.find(EntityManagerWrapper.java:318)
	at es.uma.informatica.sii.ejb.practica.ejb.LotesEJB.actualizarLote(LotesEJB.java:68)
	at sun.reflect.NativeMethodAccessorImpl.invoke0(Native Method)
	at sun.reflect.NativeMethodAccessorImpl.invoke(NativeMethodAccessorImpl.java:62)
	at sun.reflect.DelegatingMethodAccessorImpl.invoke(DelegatingMethodAccessorImpl.java:43)
	at java.lang.reflect.Method.invoke(Method.java:498)
	at org.glassfish.ejb.security.application.EJBSecurityManager.runMethod(EJBSecurityManager.java:1057)
	at org.glassfish.ejb.security.application.EJBSecurityManager.invoke(EJBSecurityManager.java:1129)
	at com.sun.ejb.containers.BaseContainer.invokeBeanMethod(BaseContainer.java:4796)
	at com.sun.ejb.EjbInvocation.invokeBeanMethod(EjbInvocation.java:632)
	at com.sun.ejb.containers.interceptors.AroundInvokeChainImpl.invokeNext(InterceptorManager.java:800)
	at com.sun.ejb.EjbInvocation.proceed(EjbInvocation.java:584)
	at org.jboss.weld.module.ejb.AbstractEJBRequestScopeActivationInterceptor.aroundInvoke(AbstractEJBRequestScopeActivationInterceptor.java:81)
	at org.jboss.weld.module.ejb.SessionBeanInterceptor.aroundInvoke(SessionBeanInterceptor.java:52)
	at sun.reflect.GeneratedMethodAccessor25.invoke(Unknown Source)
	at sun.reflect.DelegatingMethodAccessorImpl.invoke(DelegatingMethodAccessorImpl.java:43)
	at java.lang.reflect.Method.invoke(Method.java:498)
	at com.sun.ejb.containers.interceptors.AroundInvokeInterceptor.intercept(InterceptorManager.java:859)
	at com.sun.ejb.containers.interceptors.AroundInvokeChainImpl.invokeNext(InterceptorManager.java:799)
	at com.sun.ejb.EjbInvocation.proceed(EjbInvocation.java:584)
	at com.sun.ejb.containers.interceptors.SystemInterceptorProxy.doCall(SystemInterceptorProxy.java:139)
	at com.sun.ejb.containers.interceptors.SystemInterceptorProxy.aroundInvoke(SystemInterceptorProxy.java:116)
	at sun.reflect.NativeMethodAccessorImpl.invoke0(Native Method)
	at sun.reflect.NativeMethodAccessorImpl.invoke(NativeMethodAccessorImpl.java:62)
	at sun.reflect.DelegatingMethodAccessorImpl.invoke(DelegatingMethodAccessorImpl.java:43)
	at java.lang.reflect.Method.invoke(Method.java:498)
	at com.sun.ejb.containers.interceptors.AroundInvokeInterceptor.intercept(InterceptorManager.java:859)
	at com.sun.ejb.containers.interceptors.AroundInvokeChainImpl.invokeNext(InterceptorManager.java:799)
	at com.sun.ejb.containers.interceptors.InterceptorManager.intercept(InterceptorManager.java:345)
	at com.sun.ejb.containers.BaseContainer.__intercept(BaseContainer.java:4768)
	at com.sun.ejb.containers.BaseContainer.intercept(BaseContainer.java:4756)
	at com.sun.ejb.containers.EJBLocalObjectInvocationHandler.invoke(EJBLocalObjectInvocationHandler.java:188)
	... 47 more

</system-err>
  </testcase>
  <testcase classname="es.uma.informatica.sii.ejb.practica.Trazabilidad" name="testActualizarLoteProductoNoEncontrado" time="0.266"/>
  <testcase classname="es.uma.informatica.sii.ejb.practica.Trazabilidad" name="testObtenerLotes" time="0.203"/>
  <testcase classname="es.uma.informatica.sii.ejb.practica.Trazabilidad" name="testEliminarTodosLotes" time="0.14"/>
  <testcase classname="es.uma.informatica.sii.ejb.practica.Trazabilidad" name="testInsertarLoteIngredientesIncorrectos" time="0.172"/>
  <testcase classname="es.uma.informatica.sii.ejb.practica.Trazabilidad" name="testEliminarLote" time="0.203">
    <error type="javax.ejb.EJBException">javax.ejb.EJBException
	at com.sun.ejb.containers.EJBContainerTransactionManager.processSystemException(EJBContainerTransactionManager.java:728)
	at com.sun.ejb.containers.EJBContainerTransactionManager.completeNewTx(EJBContainerTransactionManager.java:678)
	at com.sun.ejb.containers.EJBContainerTransactionManager.postInvokeTx(EJBContainerTransactionManager.java:483)
	at com.sun.ejb.containers.BaseContainer.postInvokeTx(BaseContainer.java:4576)
	at com.sun.ejb.containers.BaseContainer.postInvoke(BaseContainer.java:2084)
	at com.sun.ejb.containers.BaseContainer.postInvoke(BaseContainer.java:2054)
	at com.sun.ejb.containers.EJBLocalObjectInvocationHandler.invoke(EJBLocalObjectInvocationHandler.java:196)
	at com.sun.ejb.containers.EJBLocalObjectInvocationHandlerDelegate.invoke(EJBLocalObjectInvocationHandlerDelegate.java:64)
	at com.sun.proxy.$Proxy169.eliminarLote(Unknown Source)
	at es.uma.informatica.sii.ejb.practica.Trazabilidad.testEliminarLote(Trazabilidad.java:329)
	at sun.reflect.NativeMethodAccessorImpl.invoke0(Native Method)
	at sun.reflect.NativeMethodAccessorImpl.invoke(NativeMethodAccessorImpl.java:62)
	at sun.reflect.DelegatingMethodAccessorImpl.invoke(DelegatingMethodAccessorImpl.java:43)
	at java.lang.reflect.Method.invoke(Method.java:498)
	at org.junit.runners.model.FrameworkMethod$1.runReflectiveCall(FrameworkMethod.java:59)
	at org.junit.internal.runners.model.ReflectiveCallable.run(ReflectiveCallable.java:12)
	at org.junit.runners.model.FrameworkMethod.invokeExplosively(FrameworkMethod.java:56)
	at org.junit.internal.runners.statements.InvokeMethod.evaluate(InvokeMethod.java:17)
	at org.junit.internal.runners.statements.RunBefores.evaluate(RunBefores.java:26)
	at org.junit.runners.ParentRunner$3.evaluate(ParentRunner.java:306)
	at org.junit.runners.BlockJUnit4ClassRunner$1.evaluate(BlockJUnit4ClassRunner.java:100)
	at org.junit.runners.ParentRunner.runLeaf(ParentRunner.java:366)
	at org.junit.runners.BlockJUnit4ClassRunner.runChild(BlockJUnit4ClassRunner.java:103)
	at org.junit.runners.BlockJUnit4ClassRunner.runChild(BlockJUnit4ClassRunner.java:63)
	at org.junit.runners.ParentRunner$4.run(ParentRunner.java:331)
	at org.junit.runners.ParentRunner$1.schedule(ParentRunner.java:79)
	at org.junit.runners.ParentRunner.runChildren(ParentRunner.java:329)
	at org.junit.runners.ParentRunner.access$100(ParentRunner.java:66)
	at org.junit.runners.ParentRunner$2.evaluate(ParentRunner.java:293)
	at org.junit.runners.ParentRunner$3.evaluate(ParentRunner.java:306)
	at org.junit.runners.ParentRunner.run(ParentRunner.java:413)
	at org.junit.runners.Suite.runChild(Suite.java:128)
	at org.junit.runners.Suite.runChild(Suite.java:27)
	at org.junit.runners.ParentRunner$4.run(ParentRunner.java:331)
	at org.junit.runners.ParentRunner$1.schedule(ParentRunner.java:79)
	at org.junit.runners.ParentRunner.runChildren(ParentRunner.java:329)
	at org.junit.runners.ParentRunner.access$100(ParentRunner.java:66)
	at org.junit.runners.ParentRunner$2.evaluate(ParentRunner.java:293)
	at org.junit.internal.runners.statements.RunBefores.evaluate(RunBefores.java:26)
	at org.junit.internal.runners.statements.RunAfters.evaluate(RunAfters.java:27)
	at org.junit.runners.ParentRunner$3.evaluate(ParentRunner.java:306)
	at org.junit.runners.ParentRunner.run(ParentRunner.java:413)
	at org.apache.maven.surefire.junit4.JUnit4Provider.execute(JUnit4Provider.java:252)
	at org.apache.maven.surefire.junit4.JUnit4Provider.executeTestSet(JUnit4Provider.java:141)
	at org.apache.maven.surefire.junit4.JUnit4Provider.invoke(JUnit4Provider.java:112)
	at sun.reflect.NativeMethodAccessorImpl.invoke0(Native Method)
	at sun.reflect.NativeMethodAccessorImpl.invoke(NativeMethodAccessorImpl.java:62)
	at sun.reflect.DelegatingMethodAccessorImpl.invoke(DelegatingMethodAccessorImpl.java:43)
	at java.lang.reflect.Method.invoke(Method.java:498)
	at org.apache.maven.surefire.util.ReflectionUtils.invokeMethodWithArray(ReflectionUtils.java:189)
	at org.apache.maven.surefire.booter.ProviderFactory$ProviderProxy.invoke(ProviderFactory.java:165)
	at org.apache.maven.surefire.booter.ProviderFactory.invokeProvider(ProviderFactory.java:85)
	at org.apache.maven.surefire.booter.ForkedBooter.runSuitesInProcess(ForkedBooter.java:115)
	at org.apache.maven.surefire.booter.ForkedBooter.main(ForkedBooter.java:75)
Caused by: java.lang.IllegalArgumentException: You have provided an instance of an incorrect PK class for this find operation.  Class expected : class es.uma.informatica.sii.ejb.practica.entidades.Lote$LoteId, Class received : class java.lang.String.
	at org.eclipse.persistence.internal.jpa.EntityManagerImpl.findInternal(EntityManagerImpl.java:901)
	at org.eclipse.persistence.internal.jpa.EntityManagerImpl.find(EntityManagerImpl.java:825)
	at org.eclipse.persistence.internal.jpa.EntityManagerImpl.find(EntityManagerImpl.java:691)
	at com.sun.enterprise.container.common.impl.EntityManagerWrapper.find(EntityManagerWrapper.java:318)
	at es.uma.informatica.sii.ejb.practica.ejb.LotesEJB.eliminarLote(LotesEJB.java:91)
	at sun.reflect.NativeMethodAccessorImpl.invoke0(Native Method)
	at sun.reflect.NativeMethodAccessorImpl.invoke(NativeMethodAccessorImpl.java:62)
	at sun.reflect.DelegatingMethodAccessorImpl.invoke(DelegatingMethodAccessorImpl.java:43)
	at java.lang.reflect.Method.invoke(Method.java:498)
	at org.glassfish.ejb.security.application.EJBSecurityManager.runMethod(EJBSecurityManager.java:1057)
	at org.glassfish.ejb.security.application.EJBSecurityManager.invoke(EJBSecurityManager.java:1129)
	at com.sun.ejb.containers.BaseContainer.invokeBeanMethod(BaseContainer.java:4796)
	at com.sun.ejb.EjbInvocation.invokeBeanMethod(EjbInvocation.java:632)
	at com.sun.ejb.containers.interceptors.AroundInvokeChainImpl.invokeNext(InterceptorManager.java:800)
	at com.sun.ejb.EjbInvocation.proceed(EjbInvocation.java:584)
	at org.jboss.weld.module.ejb.AbstractEJBRequestScopeActivationInterceptor.aroundInvoke(AbstractEJBRequestScopeActivationInterceptor.java:81)
	at org.jboss.weld.module.ejb.SessionBeanInterceptor.aroundInvoke(SessionBeanInterceptor.java:52)
	at sun.reflect.GeneratedMethodAccessor25.invoke(Unknown Source)
	at sun.reflect.DelegatingMethodAccessorImpl.invoke(DelegatingMethodAccessorImpl.java:43)
	at java.lang.reflect.Method.invoke(Method.java:498)
	at com.sun.ejb.containers.interceptors.AroundInvokeInterceptor.intercept(InterceptorManager.java:859)
	at com.sun.ejb.containers.interceptors.AroundInvokeChainImpl.invokeNext(InterceptorManager.java:799)
	at com.sun.ejb.EjbInvocation.proceed(EjbInvocation.java:584)
	at com.sun.ejb.containers.interceptors.SystemInterceptorProxy.doCall(SystemInterceptorProxy.java:139)
	at com.sun.ejb.containers.interceptors.SystemInterceptorProxy.aroundInvoke(SystemInterceptorProxy.java:116)
	at sun.reflect.GeneratedMethodAccessor28.invoke(Unknown Source)
	at sun.reflect.DelegatingMethodAccessorImpl.invoke(DelegatingMethodAccessorImpl.java:43)
	at java.lang.reflect.Method.invoke(Method.java:498)
	at com.sun.ejb.containers.interceptors.AroundInvokeInterceptor.intercept(InterceptorManager.java:859)
	at com.sun.ejb.containers.interceptors.AroundInvokeChainImpl.invokeNext(InterceptorManager.java:799)
	at com.sun.ejb.containers.interceptors.InterceptorManager.intercept(InterceptorManager.java:345)
	at com.sun.ejb.containers.BaseContainer.__intercept(BaseContainer.java:4768)
	at com.sun.ejb.containers.BaseContainer.intercept(BaseContainer.java:4756)
	at com.sun.ejb.containers.EJBLocalObjectInvocationHandler.invoke(EJBLocalObjectInvocationHandler.java:188)
	... 47 more
</error>
    <system-out>[EL Info]: 2022-04-07 10:28:35.33--ServerSession(765940510)--EclipseLink, version: Eclipse Persistence Services - 2.7.4.v20190115-ad5b7c6b2a
[EL Info]: connection: 2022-04-07 10:28:35.33--ServerSession(765940510)--/file:/C:/Users/alumno/Downloads/trazabilidad-ejb/trazabilidad-ejb/target/test-classes/_TrazabilidadTest login successful
[EL Info]: connection: 2022-04-07 10:28:35.408--ServerSession(765940510)--/file:/C:/Users/alumno/Downloads/trazabilidad-ejb/trazabilidad-ejb/target/test-classes/_TrazabilidadTest logout successful
</system-out>
    <system-err>abr 07, 2022 10:28:35 AM com.sun.ejb.containers.BaseContainer postInvoke
ADVERTENCIA: A system exception occurred during an invocation on EJB LotesEJB, method: public void es.uma.informatica.sii.ejb.practica.ejb.LotesEJB.eliminarLote(java.lang.String,es.uma.informatica.sii.ejb.practica.entidades.Lote) throws es.uma.informatica.sii.ejb.practica.ejb.exceptions.ProductoNoEncontradoException,es.uma.informatica.sii.ejb.practica.ejb.exceptions.LoteNoEncontradoException
abr 07, 2022 10:28:35 AM com.sun.ejb.containers.BaseContainer postInvoke
ADVERTENCIA: 
javax.ejb.EJBException
	at com.sun.ejb.containers.EJBContainerTransactionManager.processSystemException(EJBContainerTransactionManager.java:728)
	at com.sun.ejb.containers.EJBContainerTransactionManager.completeNewTx(EJBContainerTransactionManager.java:678)
	at com.sun.ejb.containers.EJBContainerTransactionManager.postInvokeTx(EJBContainerTransactionManager.java:483)
	at com.sun.ejb.containers.BaseContainer.postInvokeTx(BaseContainer.java:4576)
	at com.sun.ejb.containers.BaseContainer.postInvoke(BaseContainer.java:2084)
	at com.sun.ejb.containers.BaseContainer.postInvoke(BaseContainer.java:2054)
	at com.sun.ejb.containers.EJBLocalObjectInvocationHandler.invoke(EJBLocalObjectInvocationHandler.java:196)
	at com.sun.ejb.containers.EJBLocalObjectInvocationHandlerDelegate.invoke(EJBLocalObjectInvocationHandlerDelegate.java:64)
	at com.sun.proxy.$Proxy169.eliminarLote(Unknown Source)
	at es.uma.informatica.sii.ejb.practica.Trazabilidad.testEliminarLote(Trazabilidad.java:329)
	at sun.reflect.NativeMethodAccessorImpl.invoke0(Native Method)
	at sun.reflect.NativeMethodAccessorImpl.invoke(NativeMethodAccessorImpl.java:62)
	at sun.reflect.DelegatingMethodAccessorImpl.invoke(DelegatingMethodAccessorImpl.java:43)
	at java.lang.reflect.Method.invoke(Method.java:498)
	at org.junit.runners.model.FrameworkMethod$1.runReflectiveCall(FrameworkMethod.java:59)
	at org.junit.internal.runners.model.ReflectiveCallable.run(ReflectiveCallable.java:12)
	at org.junit.runners.model.FrameworkMethod.invokeExplosively(FrameworkMethod.java:56)
	at org.junit.internal.runners.statements.InvokeMethod.evaluate(InvokeMethod.java:17)
	at org.junit.internal.runners.statements.RunBefores.evaluate(RunBefores.java:26)
	at org.junit.runners.ParentRunner$3.evaluate(ParentRunner.java:306)
	at org.junit.runners.BlockJUnit4ClassRunner$1.evaluate(BlockJUnit4ClassRunner.java:100)
	at org.junit.runners.ParentRunner.runLeaf(ParentRunner.java:366)
	at org.junit.runners.BlockJUnit4ClassRunner.runChild(BlockJUnit4ClassRunner.java:103)
	at org.junit.runners.BlockJUnit4ClassRunner.runChild(BlockJUnit4ClassRunner.java:63)
	at org.junit.runners.ParentRunner$4.run(ParentRunner.java:331)
	at org.junit.runners.ParentRunner$1.schedule(ParentRunner.java:79)
	at org.junit.runners.ParentRunner.runChildren(ParentRunner.java:329)
	at org.junit.runners.ParentRunner.access$100(ParentRunner.java:66)
	at org.junit.runners.ParentRunner$2.evaluate(ParentRunner.java:293)
	at org.junit.runners.ParentRunner$3.evaluate(ParentRunner.java:306)
	at org.junit.runners.ParentRunner.run(ParentRunner.java:413)
	at org.junit.runners.Suite.runChild(Suite.java:128)
	at org.junit.runners.Suite.runChild(Suite.java:27)
	at org.junit.runners.ParentRunner$4.run(ParentRunner.java:331)
	at org.junit.runners.ParentRunner$1.schedule(ParentRunner.java:79)
	at org.junit.runners.ParentRunner.runChildren(ParentRunner.java:329)
	at org.junit.runners.ParentRunner.access$100(ParentRunner.java:66)
	at org.junit.runners.ParentRunner$2.evaluate(ParentRunner.java:293)
	at org.junit.internal.runners.statements.RunBefores.evaluate(RunBefores.java:26)
	at org.junit.internal.runners.statements.RunAfters.evaluate(RunAfters.java:27)
	at org.junit.runners.ParentRunner$3.evaluate(ParentRunner.java:306)
	at org.junit.runners.ParentRunner.run(ParentRunner.java:413)
	at org.apache.maven.surefire.junit4.JUnit4Provider.execute(JUnit4Provider.java:252)
	at org.apache.maven.surefire.junit4.JUnit4Provider.executeTestSet(JUnit4Provider.java:141)
	at org.apache.maven.surefire.junit4.JUnit4Provider.invoke(JUnit4Provider.java:112)
	at sun.reflect.NativeMethodAccessorImpl.invoke0(Native Method)
	at sun.reflect.NativeMethodAccessorImpl.invoke(NativeMethodAccessorImpl.java:62)
	at sun.reflect.DelegatingMethodAccessorImpl.invoke(DelegatingMethodAccessorImpl.java:43)
	at java.lang.reflect.Method.invoke(Method.java:498)
	at org.apache.maven.surefire.util.ReflectionUtils.invokeMethodWithArray(ReflectionUtils.java:189)
	at org.apache.maven.surefire.booter.ProviderFactory$ProviderProxy.invoke(ProviderFactory.java:165)
	at org.apache.maven.surefire.booter.ProviderFactory.invokeProvider(ProviderFactory.java:85)
	at org.apache.maven.surefire.booter.ForkedBooter.runSuitesInProcess(ForkedBooter.java:115)
	at org.apache.maven.surefire.booter.ForkedBooter.main(ForkedBooter.java:75)
Caused by: java.lang.IllegalArgumentException: You have provided an instance of an incorrect PK class for this find operation.  Class expected : class es.uma.informatica.sii.ejb.practica.entidades.Lote$LoteId, Class received : class java.lang.String.
	at org.eclipse.persistence.internal.jpa.EntityManagerImpl.findInternal(EntityManagerImpl.java:901)
	at org.eclipse.persistence.internal.jpa.EntityManagerImpl.find(EntityManagerImpl.java:825)
	at org.eclipse.persistence.internal.jpa.EntityManagerImpl.find(EntityManagerImpl.java:691)
	at com.sun.enterprise.container.common.impl.EntityManagerWrapper.find(EntityManagerWrapper.java:318)
	at es.uma.informatica.sii.ejb.practica.ejb.LotesEJB.eliminarLote(LotesEJB.java:91)
	at sun.reflect.NativeMethodAccessorImpl.invoke0(Native Method)
	at sun.reflect.NativeMethodAccessorImpl.invoke(NativeMethodAccessorImpl.java:62)
	at sun.reflect.DelegatingMethodAccessorImpl.invoke(DelegatingMethodAccessorImpl.java:43)
	at java.lang.reflect.Method.invoke(Method.java:498)
	at org.glassfish.ejb.security.application.EJBSecurityManager.runMethod(EJBSecurityManager.java:1057)
	at org.glassfish.ejb.security.application.EJBSecurityManager.invoke(EJBSecurityManager.java:1129)
	at com.sun.ejb.containers.BaseContainer.invokeBeanMethod(BaseContainer.java:4796)
	at com.sun.ejb.EjbInvocation.invokeBeanMethod(EjbInvocation.java:632)
	at com.sun.ejb.containers.interceptors.AroundInvokeChainImpl.invokeNext(InterceptorManager.java:800)
	at com.sun.ejb.EjbInvocation.proceed(EjbInvocation.java:584)
	at org.jboss.weld.module.ejb.AbstractEJBRequestScopeActivationInterceptor.aroundInvoke(AbstractEJBRequestScopeActivationInterceptor.java:81)
	at org.jboss.weld.module.ejb.SessionBeanInterceptor.aroundInvoke(SessionBeanInterceptor.java:52)
	at sun.reflect.GeneratedMethodAccessor25.invoke(Unknown Source)
	at sun.reflect.DelegatingMethodAccessorImpl.invoke(DelegatingMethodAccessorImpl.java:43)
	at java.lang.reflect.Method.invoke(Method.java:498)
	at com.sun.ejb.containers.interceptors.AroundInvokeInterceptor.intercept(InterceptorManager.java:859)
	at com.sun.ejb.containers.interceptors.AroundInvokeChainImpl.invokeNext(InterceptorManager.java:799)
	at com.sun.ejb.EjbInvocation.proceed(EjbInvocation.java:584)
	at com.sun.ejb.containers.interceptors.SystemInterceptorProxy.doCall(SystemInterceptorProxy.java:139)
	at com.sun.ejb.containers.interceptors.SystemInterceptorProxy.aroundInvoke(SystemInterceptorProxy.java:116)
	at sun.reflect.GeneratedMethodAccessor28.invoke(Unknown Source)
	at sun.reflect.DelegatingMethodAccessorImpl.invoke(DelegatingMethodAccessorImpl.java:43)
	at java.lang.reflect.Method.invoke(Method.java:498)
	at com.sun.ejb.containers.interceptors.AroundInvokeInterceptor.intercept(InterceptorManager.java:859)
	at com.sun.ejb.containers.interceptors.AroundInvokeChainImpl.invokeNext(InterceptorManager.java:799)
	at com.sun.ejb.containers.interceptors.InterceptorManager.intercept(InterceptorManager.java:345)
	at com.sun.ejb.containers.BaseContainer.__intercept(BaseContainer.java:4768)
	at com.sun.ejb.containers.BaseContainer.intercept(BaseContainer.java:4756)
	at com.sun.ejb.containers.EJBLocalObjectInvocationHandler.invoke(EJBLocalObjectInvocationHandler.java:188)
	... 47 more

</system-err>
  </testcase>
  <testcase classname="es.uma.informatica.sii.ejb.practica.Trazabilidad" name="testInsertarLoteProductoNoEncontrado" time="0.109"/>
  <testcase classname="es.uma.informatica.sii.ejb.practica.Trazabilidad" name="testEliminarTodosLotesProductoNoEncontrado" time="0.141"/>
</testsuite>